#
# There is insufficient memory for the Java Runtime Environment to continue.
# Native memory allocation (malloc) failed to allocate 2255376 bytes for Chunk::new
# Possible reasons:
#   The system is out of physical RAM or swap space
#   The process is running with CompressedOops enabled, and the Java Heap may be blocking the growth of the native heap
# Possible solutions:
#   Reduce memory load on the system
#   Increase physical memory or swap space
#   Check if swap backing store is full
#   Decrease Java heap size (-Xmx/-Xms)
#   Decrease number of Java threads
#   Decrease Java thread stack sizes (-Xss)
#   Set larger code cache with -XX:ReservedCodeCacheSize=
#   JVM is running with Unscaled Compressed Oops mode in which the Java heap is
#     placed in the first 4GB address space. The Java Heap base address is the
#     maximum limit for the native heap growth. Please use -XX:HeapBaseMinAddress
#     to set the Java Heap base and to place the Java Heap above 4GB virtual address.
# This output file may be truncated or incomplete.
#
#  Out of Memory Error (./src/hotspot/share/memory/arena.cpp:197), pid=55392, tid=50300
#
# JRE version: OpenJDK Runtime Environment (11.0.10) (build 11.0.10+0-b96-7249189)
# Java VM: OpenJDK 64-Bit Server VM (11.0.10+0-b96-7249189, mixed mode, tiered, compressed oops, g1 gc, windows-amd64)
# No core dump will be written. Minidumps are not enabled by default on client versions of Windows
#

---------------  S U M M A R Y ------------

Command Line: --add-opens=java.base/java.util=ALL-UNNAMED --add-opens=java.base/java.lang=ALL-UNNAMED --add-opens=java.base/java.lang.invoke=ALL-UNNAMED --add-opens=java.base/java.util=ALL-UNNAMED --add-opens=java.prefs/java.util.prefs=ALL-UNNAMED --add-opens=java.prefs/java.util.prefs=ALL-UNNAMED --add-opens=java.base/java.nio.charset=ALL-UNNAMED --add-opens=java.base/java.net=ALL-UNNAMED --add-opens=java.base/java.util.concurrent.atomic=ALL-UNNAMED -Xmx2048m -Dfile.encoding=UTF-8 -Duser.country=CA -Duser.language=en -Duser.variant org.gradle.launcher.daemon.bootstrap.GradleDaemon 7.0.2

Host: Intel(R) Core(TM) i5-8250U CPU @ 1.60GHz, 8 cores, 7G,  Windows 10 , 64 bit Build 19041 (10.0.19041.1202)
Time: Tue Oct  5 17:52:44 2021 Eastern Daylight Time elapsed time: 6148.139512 seconds (0d 1h 42m 28s)

---------------  T H R E A D  ---------------

Current thread (0x000001d8ff770800):  JavaThread "C2 CompilerThread0" daemon [_thread_in_native, id=50300, stack(0x0000007230500000,0x0000007230600000)]


Current CompileTask:
C2:6148140 21713 %     4       com.android.tools.r8.internal.T6::a @ 2246 (6044 bytes)

Stack: [0x0000007230500000,0x0000007230600000]
Native frames: (J=compiled Java code, j=interpreted, Vv=VM code, C=native code)
V  [jvm.dll+0x5ecfaa]
V  [jvm.dll+0x722bd5]
V  [jvm.dll+0x72412d]
V  [jvm.dll+0x7247e3]
V  [jvm.dll+0x242928]
V  [jvm.dll+0xbc4fc]
V  [jvm.dll+0xbca0c]
V  [jvm.dll+0x352d7d]
V  [jvm.dll+0x19800c]
V  [jvm.dll+0x1fb70e]
V  [jvm.dll+0x1fa7f4]
V  [jvm.dll+0x18354c]
V  [jvm.dll+0x208ee7]
V  [jvm.dll+0x207731]
V  [jvm.dll+0x6eb1cf]
V  [jvm.dll+0x6e3d45]
V  [jvm.dll+0x5ebe96]
C  [ucrtbase.dll+0x21bb2]
C  [KERNEL32.DLL+0x17034]
C  [ntdll.dll+0x52651]


---------------  P R O C E S S  ---------------

Threads class SMR info:
_java_thread_list=0x000001d88467de30, length=74, elements={
0x000001d8e6bba800, 0x000001d8ff74f000, 0x000001d8ff75a800, 0x000001d882142800,
0x000001d8ff76d000, 0x000001d8ff76d800, 0x000001d8ff770800, 0x000001d8ff77a000,
0x000001d8ff782000, 0x000001d882295000, 0x000001d88470f000, 0x000001d88498d000,
0x000001d884c40000, 0x000001d884b33000, 0x000001d884b34000, 0x000001d884b36800,
0x000001d884b35000, 0x000001d884b30800, 0x000001d884b37000, 0x000001d885a6d800,
0x000001d885a6d000, 0x000001d885a68000, 0x000001d885a6c000, 0x000001d885a68800,
0x000001d885a69800, 0x000001d885a6a800, 0x000001d885a72800, 0x000001d885a6f000,
0x000001d88532c800, 0x000001d885331800, 0x000001d885330000, 0x000001d88532e000,
0x000001d88532d800, 0x000001d88532f000, 0x000001d88532b000, 0x000001d88532a000,
0x000001d885332000, 0x000001d885333000, 0x000001d885334800, 0x000001d885336800,
0x000001d885330800, 0x000001d885337000, 0x000001d885338000, 0x000001d885339000,
0x000001d885a6b000, 0x000001d885a74000, 0x000001d885a6e800, 0x000001d885a75000,
0x000001d885a75800, 0x000001d885a70000, 0x000001d885a76800, 0x000001d884b32800,
0x000001d884b31800, 0x000001d884b35800, 0x000001d8915ab800, 0x000001d8915ac800,
0x000001d8915aa000, 0x000001d8915a6800, 0x000001d8915a7800, 0x000001d8915aa800,
0x000001d8915ad000, 0x000001d8915a9000, 0x000001d8915a8800, 0x000001d888bae000,
0x000001d888bb2000, 0x000001d888bb3000, 0x000001d888bb4800, 0x000001d888bac800,
0x000001d888baf800, 0x000001d888bad000, 0x000001d888bb8800, 0x000001d888bb5800,
0x000001d888bb6000, 0x000001d888bb7000
}

Java Threads: ( => current thread )
  0x000001d8e6bba800 JavaThread "main" [_thread_blocked, id=53740, stack(0x000000722f900000,0x000000722fa00000)]
  0x000001d8ff74f000 JavaThread "Reference Handler" daemon [_thread_blocked, id=30384, stack(0x0000007230000000,0x0000007230100000)]
  0x000001d8ff75a800 JavaThread "Finalizer" daemon [_thread_blocked, id=56636, stack(0x0000007230100000,0x0000007230200000)]
  0x000001d882142800 JavaThread "Signal Dispatcher" daemon [_thread_blocked, id=5284, stack(0x0000007230200000,0x0000007230300000)]
  0x000001d8ff76d000 JavaThread "Attach Listener" daemon [_thread_blocked, id=56184, stack(0x0000007230300000,0x0000007230400000)]
  0x000001d8ff76d800 JavaThread "Service Thread" daemon [_thread_blocked, id=57156, stack(0x0000007230400000,0x0000007230500000)]
=>0x000001d8ff770800 JavaThread "C2 CompilerThread0" daemon [_thread_in_native, id=50300, stack(0x0000007230500000,0x0000007230600000)]
  0x000001d8ff77a000 JavaThread "C1 CompilerThread0" daemon [_thread_blocked, id=54652, stack(0x0000007230600000,0x0000007230700000)]
  0x000001d8ff782000 JavaThread "Sweeper thread" daemon [_thread_blocked, id=54056, stack(0x0000007230700000,0x0000007230800000)]
  0x000001d882295000 JavaThread "Common-Cleaner" daemon [_thread_blocked, id=41852, stack(0x0000007230800000,0x0000007230900000)]
  0x000001d88470f000 JavaThread "Daemon health stats" [_thread_blocked, id=56220, stack(0x0000007230d00000,0x0000007230e00000)]
  0x000001d88498d000 JavaThread "Incoming local TCP Connector on port 50060" [_thread_in_native, id=49820, stack(0x0000007230a00000,0x0000007230b00000)]
  0x000001d884c40000 JavaThread "Daemon periodic checks" [_thread_blocked, id=49236, stack(0x0000007230e00000,0x0000007230f00000)]
  0x000001d884b33000 JavaThread "Cache worker for file hash cache (C:\Users\elkac\.gradle\caches\7.0.2\fileHashes)" [_thread_blocked, id=50160, stack(0x0000007231600000,0x0000007231700000)]
  0x000001d884b34000 JavaThread "File lock request listener" [_thread_in_native, id=46108, stack(0x0000007231c00000,0x0000007231d00000)]
  0x000001d884b36800 JavaThread "Cache worker for journal cache (C:\Users\elkac\.gradle\caches\journal-1)" [_thread_blocked, id=52428, stack(0x0000007231e00000,0x0000007231f00000)]
  0x000001d884b35000 JavaThread "File watcher server" daemon [_thread_in_Java, id=47488, stack(0x0000007232000000,0x0000007232100000)]
  0x000001d884b30800 JavaThread "File watcher consumer" daemon [_thread_blocked, id=37048, stack(0x0000007232100000,0x0000007232200000)]
  0x000001d884b37000 JavaThread "jar transforms" [_thread_blocked, id=38316, stack(0x0000007232200000,0x0000007232300000)]
  0x000001d885a6d800 JavaThread "jar transforms Thread 2" [_thread_blocked, id=11656, stack(0x0000007232300000,0x0000007232400000)]
  0x000001d885a6d000 JavaThread "jar transforms Thread 3" [_thread_blocked, id=49260, stack(0x0000007232400000,0x0000007232500000)]
  0x000001d885a68000 JavaThread "jar transforms Thread 4" [_thread_blocked, id=33220, stack(0x0000007232500000,0x0000007232600000)]
  0x000001d885a6c000 JavaThread "jar transforms Thread 5" [_thread_blocked, id=56520, stack(0x0000007232600000,0x0000007232700000)]
  0x000001d885a68800 JavaThread "jar transforms Thread 6" [_thread_blocked, id=50076, stack(0x0000007232700000,0x0000007232800000)]
  0x000001d885a69800 JavaThread "jar transforms Thread 7" [_thread_blocked, id=54716, stack(0x0000007232800000,0x0000007232900000)]
  0x000001d885a6a800 JavaThread "jar transforms Thread 8" [_thread_blocked, id=55156, stack(0x0000007232900000,0x0000007232a00000)]
  0x000001d885a72800 JavaThread "Cache worker for execution history cache (C:\Users\elkac\.gradle\caches\7.0.2\executionHistory)" [_thread_blocked, id=57220, stack(0x0000007232e00000,0x0000007232f00000)]
  0x000001d885a6f000 JavaThread "Cache worker for file content cache (C:\Users\elkac\.gradle\caches\7.0.2\fileContent)" [_thread_blocked, id=52092, stack(0x0000007232f00000,0x0000007233000000)]
  0x000001d88532c800 JavaThread "Memory manager" [_thread_blocked, id=39500, stack(0x0000007233a00000,0x0000007233b00000)]
  0x000001d885331800 JavaThread "pool-3-thread-1" [_thread_blocked, id=42868, stack(0x0000007233b00000,0x0000007233c00000)]
  0x000001d885330000 JavaThread "Daemon Thread 2" [_thread_blocked, id=46288, stack(0x000000722f800000,0x000000722f900000)]
  0x000001d88532e000 JavaThread "Handler for socket connection from /127.0.0.1:50060 to /127.0.0.1:49694" [_thread_in_native, id=54640, stack(0x0000007231400000,0x0000007231500000)]
  0x000001d88532d800 JavaThread "Cancel handler" [_thread_blocked, id=18116, stack(0x0000007231500000,0x0000007231600000)]
  0x000001d88532f000 JavaThread "Daemon worker Thread 2" [_thread_blocked, id=7916, stack(0x0000007231700000,0x0000007231800000)]
  0x000001d88532b000 JavaThread "Asynchronous log dispatcher for DefaultDaemonConnection: socket connection from /127.0.0.1:50060 to /127.0.0.1:49694" [_thread_blocked, id=48576, stack(0x0000007231800000,0x0000007231900000)]
  0x000001d88532a000 JavaThread "Stdin handler" [_thread_blocked, id=52036, stack(0x0000007231900000,0x0000007231a00000)]
  0x000001d885332000 JavaThread "Daemon client event forwarder" [_thread_blocked_trans, id=51776, stack(0x0000007231a00000,0x0000007231b00000)]
  0x000001d885333000 JavaThread "Cache worker for file hash cache (C:\Users\elkac\Downloads\SEG2105\Lab2\.gradle\7.0.2\fileHashes)" [_thread_blocked, id=10060, stack(0x0000007231b00000,0x0000007231c00000)]
  0x000001d885334800 JavaThread "Cache worker for checksums cache (C:\Users\elkac\Downloads\SEG2105\Lab2\.gradle\checksums)" [_thread_blocked, id=37600, stack(0x0000007231f00000,0x0000007232000000)]
  0x000001d885336800 JavaThread "Cache worker for cache directory md-supplier (C:\Users\elkac\.gradle\caches\7.0.2\md-supplier)" [_thread_blocked, id=2472, stack(0x0000007232a00000,0x0000007232b00000)]
  0x000001d885330800 JavaThread "Cache worker for cache directory md-rule (C:\Users\elkac\.gradle\caches\7.0.2\md-rule)" [_thread_blocked, id=10068, stack(0x0000007232b00000,0x0000007232c00000)]
  0x000001d885337000 JavaThread "Cache worker for dependencies-accessors (C:\Users\elkac\Downloads\SEG2105\Lab2\.gradle\7.0.2\dependencies-accessors)" [_thread_blocked, id=38236, stack(0x0000007233100000,0x0000007233200000)]
  0x000001d885338000 JavaThread "Cache worker for Build Output Cleanup Cache (C:\Users\elkac\Downloads\SEG2105\Lab2\.gradle\buildOutputCleanup)" [_thread_blocked, id=22640, stack(0x0000007233200000,0x0000007233300000)]
  0x000001d885339000 JavaThread "Build operations" [_thread_in_Java, id=57212, stack(0x0000007233300000,0x0000007233400000)]
  0x000001d885a6b000 JavaThread "Build operations Thread 2" [_thread_blocked, id=33280, stack(0x0000007233400000,0x0000007233500000)]
  0x000001d885a74000 JavaThread "Build operations Thread 3" [_thread_in_Java, id=15796, stack(0x0000007233500000,0x0000007233600000)]
  0x000001d885a6e800 JavaThread "Build operations Thread 4" [_thread_in_vm, id=17764, stack(0x0000007233600000,0x0000007233700000)]
  0x000001d885a75000 JavaThread "Build operations Thread 5" [_thread_blocked, id=52808, stack(0x0000007233700000,0x0000007233800000)]
  0x000001d885a75800 JavaThread "Build operations Thread 6" [_thread_blocked, id=55664, stack(0x0000007233800000,0x0000007233900000)]
  0x000001d885a70000 JavaThread "Build operations Thread 7" [_thread_blocked, id=51952, stack(0x0000007233900000,0x0000007233a00000)]
  0x000001d885a76800 JavaThread "Build operations Thread 8" [_thread_in_Java, id=49964, stack(0x0000007233c00000,0x0000007233d00000)]
  0x000001d884b32800 JavaThread "build event listener" [_thread_blocked, id=34536, stack(0x0000007233000000,0x0000007233100000)]
  0x000001d884b31800 JavaThread "pool-6-thread-1" [_thread_blocked, id=50400, stack(0x0000007233d00000,0x0000007233e00000)]
  0x000001d884b35800 JavaThread "build event listener" [_thread_blocked, id=43196, stack(0x0000007233e00000,0x0000007233f00000)]
  0x000001d8915ab800 JavaThread "Execution worker for ':'" [_thread_blocked, id=22752, stack(0x0000007233f00000,0x0000007234000000)]
  0x000001d8915ac800 JavaThread "Execution worker for ':' Thread 2" [_thread_blocked, id=47812, stack(0x0000007234000000,0x0000007234100000)]
  0x000001d8915aa000 JavaThread "Execution worker for ':' Thread 3" [_thread_blocked, id=4532, stack(0x0000007234100000,0x0000007234200000)]
  0x000001d8915a6800 JavaThread "Execution worker for ':' Thread 4" [_thread_blocked, id=49432, stack(0x0000007234200000,0x0000007234300000)]
  0x000001d8915a7800 JavaThread "Execution worker for ':' Thread 5" [_thread_blocked, id=56196, stack(0x0000007234300000,0x0000007234400000)]
  0x000001d8915aa800 JavaThread "Execution worker for ':' Thread 6" [_thread_blocked, id=46736, stack(0x0000007234400000,0x0000007234500000)]
  0x000001d8915ad000 JavaThread "Execution worker for ':' Thread 7" [_thread_blocked, id=50684, stack(0x0000007234500000,0x0000007234600000)]
  0x000001d8915a9000 JavaThread "Cache worker for execution history cache (C:\Users\elkac\Downloads\SEG2105\Lab2\.gradle\7.0.2\executionHistory)" [_thread_blocked, id=45172, stack(0x0000007234600000,0x0000007234700000)]
  0x000001d8915a8800 JavaThread "WorkerExecutor Queue" [_thread_blocked, id=19964, stack(0x0000007234700000,0x0000007234800000)]
  0x000001d888bae000 JavaThread "WorkerExecutor Queue Thread 2" [_thread_blocked, id=56004, stack(0x0000007234800000,0x0000007234900000)]
  0x000001d888bb2000 JavaThread "WorkerExecutor Queue Thread 4" [_thread_blocked, id=49756, stack(0x0000007232c00000,0x0000007232d00000)]
  0x000001d888bb3000 JavaThread "WorkerExecutor Queue Thread 6" [_thread_blocked, id=52020, stack(0x0000007234b00000,0x0000007234c00000)]
  0x000001d888bb4800 JavaThread "WorkerExecutor Queue Thread 8" [_thread_blocked, id=48436, stack(0x0000007234d00000,0x0000007234e00000)]
  0x000001d888bac800 JavaThread "WorkerExecutor Queue Thread 9" [_thread_blocked, id=15812, stack(0x0000007234900000,0x0000007234a00000)]
  0x000001d888baf800 JavaThread "pool-7-thread-1" [_thread_blocked, id=55608, stack(0x0000007234a00000,0x0000007234b00000)]
  0x000001d888bad000 JavaThread "stderr" [_thread_in_native, id=52268, stack(0x0000007234c00000,0x0000007234d00000)]
  0x000001d888bb8800 JavaThread "stdout" [_thread_in_native, id=52616, stack(0x0000007234e00000,0x0000007234f00000)]
  0x000001d888bb5800 JavaThread "stderr" [_thread_in_native, id=54500, stack(0x0000007234f00000,0x0000007235000000)]
  0x000001d888bb6000 JavaThread "stdout" [_thread_in_native, id=55904, stack(0x0000007235000000,0x0000007235100000)]
  0x000001d888bb7000 JavaThread "WorkerExecutor Queue Thread 10" [_thread_blocked, id=39868, stack(0x0000007235100000,0x0000007235200000)]

Other Threads:
  0x000001d8ff74d800 VMThread "VM Thread" [stack: 0x000000722ff00000,0x0000007230000000] [id=51180]
  0x000001d88229a000 WatcherThread [stack: 0x0000007230900000,0x0000007230a00000] [id=32232]
  0x000001d8e6bd3000 GCTaskThread "GC Thread#0" [stack: 0x000000722fa00000,0x000000722fb00000] [id=9664]
  0x000001d88326a800 GCTaskThread "GC Thread#1" [stack: 0x0000007230b00000,0x0000007230c00000] [id=50168]
  0x000001d883376800 GCTaskThread "GC Thread#2" [stack: 0x0000007230c00000,0x0000007230d00000] [id=53172]
  0x000001d884c3d000 GCTaskThread "GC Thread#3" [stack: 0x0000007230f00000,0x0000007231000000] [id=39332]
  0x000001d88549d800 GCTaskThread "GC Thread#4" [stack: 0x0000007231000000,0x0000007231100000] [id=51404]
  0x000001d884939800 GCTaskThread "GC Thread#5" [stack: 0x0000007231100000,0x0000007231200000] [id=26732]
  0x000001d88467b800 GCTaskThread "GC Thread#6" [stack: 0x0000007231200000,0x0000007231300000] [id=41560]
  0x000001d88467c000 GCTaskThread "GC Thread#7" [stack: 0x0000007231300000,0x0000007231400000] [id=51868]
  0x000001d8e6c05000 ConcurrentGCThread "G1 Main Marker" [stack: 0x000000722fb00000,0x000000722fc00000] [id=54956]
  0x000001d8e6c07000 ConcurrentGCThread "G1 Conc#0" [stack: 0x000000722fc00000,0x000000722fd00000] [id=18540]
  0x000001d88334f800 ConcurrentGCThread "G1 Conc#1" [stack: 0x0000007231d00000,0x0000007231e00000] [id=53192]
  0x000001d8ff5a0800 ConcurrentGCThread "G1 Refine#0" [stack: 0x000000722fd00000,0x000000722fe00000] [id=54436]
  0x000001d88bf5b000 ConcurrentGCThread "G1 Refine#1" [stack: 0x000000722f600000,0x000000722f700000] [id=1320]
  0x000001d8836bf000 ConcurrentGCThread "G1 Refine#2" [stack: 0x000000722f700000,0x000000722f800000] [id=15496]
  0x000001d885705800 ConcurrentGCThread "G1 Refine#3" [stack: 0x0000007232d00000,0x0000007232e00000] [id=43752]
  0x000001d8ff5a1000 ConcurrentGCThread "G1 Young RemSet Sampling" [stack: 0x000000722fe00000,0x000000722ff00000] [id=50288]

Threads with active compile tasks:
C2 CompilerThread06148259 21713 %     4       com.android.tools.r8.internal.T6::a @ 2246 (6044 bytes)
C1 CompilerThread06148259 23468 %     3       com.android.tools.r8.internal.Le::a @ 1628 (3140 bytes)

VM state:not at safepoint (normal execution)

VM Mutex/Monitor currently owned by a thread:  ([mutex/lock_event])
[0x000001d8e6bb6920] CompileTaskAlloc_lock - owner thread: 0x000001d885a6e800
[0x000001d8e6bb78e0] MethodCompileQueue_lock - owner thread: 0x000001d885a6e800

Heap address: 0x0000000080000000, size: 2048 MB, Compressed Oops mode: 32-bit
Narrow klass base: 0x0000000000000000, Narrow klass shift: 3
Compressed class space size: 1073741824 Address: 0x0000000100000000

Heap:
 garbage-first heap   total 315392K, used 161197K [0x0000000080000000, 0x0000000100000000)
  region size 1024K, 8 young (8192K), 3 survivors (3072K)
 Metaspace       used 137108K, capacity 140261K, committed 140544K, reserved 1171456K
  class space    used 16832K, capacity 18012K, committed 18176K, reserved 1048576K
Heap Regions: E=young(eden), S=young(survivor), O=old, HS=humongous(starts), HC=humongous(continues), CS=collection set, F=free, A=archive, TAMS=top-at-mark-start (previous, next)
|   0|0x0000000080000000, 0x0000000080100000, 0x0000000080100000|100%| O|  |TAMS 0x0000000080100000, 0x0000000080100000| Untracked 
|   1|0x0000000080100000, 0x0000000080200000, 0x0000000080200000|100%| O|  |TAMS 0x0000000080200000, 0x0000000080200000| Untracked 
|   2|0x0000000080200000, 0x0000000080300000, 0x0000000080300000|100%| O|  |TAMS 0x0000000080300000, 0x0000000080300000| Untracked 
|   3|0x0000000080300000, 0x0000000080400000, 0x0000000080400000|100%|HS|  |TAMS 0x0000000080400000, 0x0000000080400000| Complete 
|   4|0x0000000080400000, 0x0000000080500000, 0x0000000080500000|100%|HC|  |TAMS 0x0000000080500000, 0x0000000080500000| Complete 
|   5|0x0000000080500000, 0x0000000080600000, 0x0000000080600000|100%|HC|  |TAMS 0x0000000080600000, 0x0000000080600000| Complete 
|   6|0x0000000080600000, 0x0000000080700000, 0x0000000080700000|100%| O|  |TAMS 0x0000000080700000, 0x0000000080700000| Untracked 
|   7|0x0000000080700000, 0x0000000080800000, 0x0000000080800000|100%| O|  |TAMS 0x0000000080800000, 0x0000000080800000| Untracked 
|   8|0x0000000080800000, 0x0000000080900000, 0x0000000080900000|100%| O|  |TAMS 0x0000000080900000, 0x0000000080900000| Untracked 
|   9|0x0000000080900000, 0x0000000080a00000, 0x0000000080a00000|100%| O|  |TAMS 0x0000000080a00000, 0x0000000080a00000| Untracked 
|  10|0x0000000080a00000, 0x0000000080b00000, 0x0000000080b00000|100%| O|  |TAMS 0x0000000080b00000, 0x0000000080b00000| Untracked 
|  11|0x0000000080b00000, 0x0000000080c00000, 0x0000000080c00000|100%| O|  |TAMS 0x0000000080c00000, 0x0000000080c00000| Untracked 
|  12|0x0000000080c00000, 0x0000000080d00000, 0x0000000080d00000|100%| O|  |TAMS 0x0000000080d00000, 0x0000000080d00000| Untracked 
|  13|0x0000000080d00000, 0x0000000080e00000, 0x0000000080e00000|100%| O|  |TAMS 0x0000000080e00000, 0x0000000080e00000| Untracked 
|  14|0x0000000080e00000, 0x0000000080f00000, 0x0000000080f00000|100%| O|  |TAMS 0x0000000080f00000, 0x0000000080f00000| Untracked 
|  15|0x0000000080f00000, 0x0000000081000000, 0x0000000081000000|100%|HS|  |TAMS 0x0000000081000000, 0x0000000081000000| Complete 
|  16|0x0000000081000000, 0x0000000081100000, 0x0000000081100000|100%|HC|  |TAMS 0x0000000081100000, 0x0000000081100000| Complete 
|  17|0x0000000081100000, 0x0000000081200000, 0x0000000081200000|100%|HS|  |TAMS 0x0000000081200000, 0x0000000081200000| Complete 
|  18|0x0000000081200000, 0x0000000081300000, 0x0000000081300000|100%|HC|  |TAMS 0x0000000081300000, 0x0000000081300000| Complete 
|  19|0x0000000081300000, 0x0000000081400000, 0x0000000081400000|100%|HC|  |TAMS 0x0000000081400000, 0x0000000081400000| Complete 
|  20|0x0000000081400000, 0x0000000081500000, 0x0000000081500000|100%|HS|  |TAMS 0x0000000081500000, 0x0000000081500000| Complete 
|  21|0x0000000081500000, 0x0000000081600000, 0x0000000081600000|100%|HC|  |TAMS 0x0000000081600000, 0x0000000081600000| Complete 
|  22|0x0000000081600000, 0x0000000081700000, 0x0000000081700000|100%|HC|  |TAMS 0x0000000081700000, 0x0000000081700000| Complete 
|  23|0x0000000081700000, 0x0000000081800000, 0x0000000081800000|100%|HC|  |TAMS 0x0000000081800000, 0x0000000081800000| Complete 
|  24|0x0000000081800000, 0x0000000081900000, 0x0000000081900000|100%|HC|  |TAMS 0x0000000081900000, 0x0000000081900000| Complete 
|  25|0x0000000081900000, 0x0000000081a00000, 0x0000000081a00000|100%|HS|  |TAMS 0x0000000081a00000, 0x0000000081a00000| Complete 
|  26|0x0000000081a00000, 0x0000000081b00000, 0x0000000081b00000|100%|HC|  |TAMS 0x0000000081b00000, 0x0000000081b00000| Complete 
|  27|0x0000000081b00000, 0x0000000081c00000, 0x0000000081c00000|100%|HC|  |TAMS 0x0000000081c00000, 0x0000000081c00000| Complete 
|  28|0x0000000081c00000, 0x0000000081d00000, 0x0000000081d00000|100%| O|  |TAMS 0x0000000081d00000, 0x0000000081d00000| Untracked 
|  29|0x0000000081d00000, 0x0000000081e00000, 0x0000000081e00000|100%| O|  |TAMS 0x0000000081e00000, 0x0000000081e00000| Untracked 
|  30|0x0000000081e00000, 0x0000000081f00000, 0x0000000081f00000|100%| O|  |TAMS 0x0000000081f00000, 0x0000000081f00000| Untracked 
|  31|0x0000000081f00000, 0x0000000082000000, 0x0000000082000000|100%| O|  |TAMS 0x0000000082000000, 0x0000000082000000| Untracked 
|  32|0x0000000082000000, 0x0000000082100000, 0x0000000082100000|100%| O|  |TAMS 0x0000000082100000, 0x0000000082100000| Untracked 
|  33|0x0000000082100000, 0x0000000082200000, 0x0000000082200000|100%| O|  |TAMS 0x0000000082200000, 0x0000000082200000| Untracked 
|  34|0x0000000082200000, 0x0000000082300000, 0x0000000082300000|100%| O|  |TAMS 0x0000000082300000, 0x0000000082300000| Untracked 
|  35|0x0000000082300000, 0x0000000082400000, 0x0000000082400000|100%| O|  |TAMS 0x0000000082400000, 0x0000000082400000| Untracked 
|  36|0x0000000082400000, 0x0000000082500000, 0x0000000082500000|100%| O|  |TAMS 0x0000000082500000, 0x0000000082500000| Untracked 
|  37|0x0000000082500000, 0x0000000082600000, 0x0000000082600000|100%|HS|  |TAMS 0x0000000082600000, 0x0000000082600000| Complete 
|  38|0x0000000082600000, 0x0000000082700000, 0x0000000082700000|100%|HC|  |TAMS 0x0000000082700000, 0x0000000082700000| Complete 
|  39|0x0000000082700000, 0x0000000082800000, 0x0000000082800000|100%|HC|  |TAMS 0x0000000082800000, 0x0000000082800000| Complete 
|  40|0x0000000082800000, 0x0000000082900000, 0x0000000082900000|100%|HC|  |TAMS 0x0000000082900000, 0x0000000082900000| Complete 
|  41|0x0000000082900000, 0x0000000082a00000, 0x0000000082a00000|100%|HC|  |TAMS 0x0000000082a00000, 0x0000000082a00000| Complete 
|  42|0x0000000082a00000, 0x0000000082b00000, 0x0000000082b00000|100%| O|  |TAMS 0x0000000082b00000, 0x0000000082b00000| Untracked 
|  43|0x0000000082b00000, 0x0000000082c00000, 0x0000000082c00000|100%| O|  |TAMS 0x0000000082c00000, 0x0000000082c00000| Untracked 
|  44|0x0000000082c00000, 0x0000000082d00000, 0x0000000082d00000|100%| O|  |TAMS 0x0000000082d00000, 0x0000000082d00000| Untracked 
|  45|0x0000000082d00000, 0x0000000082e00000, 0x0000000082e00000|100%| O|  |TAMS 0x0000000082e00000, 0x0000000082e00000| Untracked 
|  46|0x0000000082e00000, 0x0000000082e00000, 0x0000000082f00000|  0%| F|  |TAMS 0x0000000082e00000, 0x0000000082e00000| Untracked 
|  47|0x0000000082f00000, 0x0000000083000000, 0x0000000083000000|100%| O|  |TAMS 0x0000000083000000, 0x0000000083000000| Untracked 
|  48|0x0000000083000000, 0x0000000083100000, 0x0000000083100000|100%| O|  |TAMS 0x0000000083100000, 0x0000000083100000| Untracked 
|  49|0x0000000083100000, 0x0000000083200000, 0x0000000083200000|100%| O|  |TAMS 0x0000000083200000, 0x0000000083200000| Untracked 
|  50|0x0000000083200000, 0x0000000083300000, 0x0000000083300000|100%| O|  |TAMS 0x0000000083300000, 0x0000000083300000| Untracked 
|  51|0x0000000083300000, 0x0000000083400000, 0x0000000083400000|100%| O|  |TAMS 0x0000000083400000, 0x0000000083400000| Untracked 
|  52|0x0000000083400000, 0x0000000083500000, 0x0000000083500000|100%| O|  |TAMS 0x0000000083500000, 0x0000000083500000| Untracked 
|  53|0x0000000083500000, 0x0000000083600000, 0x0000000083600000|100%|HS|  |TAMS 0x0000000083600000, 0x0000000083600000| Complete 
|  54|0x0000000083600000, 0x0000000083700000, 0x0000000083700000|100%|HS|  |TAMS 0x0000000083700000, 0x0000000083700000| Complete 
|  55|0x0000000083700000, 0x0000000083800000, 0x0000000083800000|100%|HS|  |TAMS 0x0000000083800000, 0x0000000083800000| Complete 
|  56|0x0000000083800000, 0x0000000083900000, 0x0000000083900000|100%|HC|  |TAMS 0x0000000083900000, 0x0000000083900000| Complete 
|  57|0x0000000083900000, 0x0000000083a00000, 0x0000000083a00000|100%| O|  |TAMS 0x0000000083a00000, 0x0000000083a00000| Untracked 
|  58|0x0000000083a00000, 0x0000000083b00000, 0x0000000083b00000|100%| O|  |TAMS 0x0000000083b00000, 0x0000000083b00000| Untracked 
|  59|0x0000000083b00000, 0x0000000083c00000, 0x0000000083c00000|100%| O|  |TAMS 0x0000000083c00000, 0x0000000083c00000| Untracked 
|  60|0x0000000083c00000, 0x0000000083d00000, 0x0000000083d00000|100%| O|  |TAMS 0x0000000083d00000, 0x0000000083d00000| Untracked 
|  61|0x0000000083d00000, 0x0000000083e00000, 0x0000000083e00000|100%| O|  |TAMS 0x0000000083e00000, 0x0000000083e00000| Untracked 
|  62|0x0000000083e00000, 0x0000000083f00000, 0x0000000083f00000|100%| O|  |TAMS 0x0000000083f00000, 0x0000000083f00000| Untracked 
|  63|0x0000000083f00000, 0x0000000084000000, 0x0000000084000000|100%| O|  |TAMS 0x0000000084000000, 0x0000000084000000| Untracked 
|  64|0x0000000084000000, 0x0000000084100000, 0x0000000084100000|100%| O|  |TAMS 0x0000000084100000, 0x0000000084100000| Untracked 
|  65|0x0000000084100000, 0x0000000084200000, 0x0000000084200000|100%| O|  |TAMS 0x0000000084200000, 0x0000000084200000| Untracked 
|  66|0x0000000084200000, 0x0000000084300000, 0x0000000084300000|100%| O|  |TAMS 0x0000000084300000, 0x0000000084300000| Untracked 
|  67|0x0000000084300000, 0x0000000084400000, 0x0000000084400000|100%| O|  |TAMS 0x0000000084400000, 0x0000000084400000| Untracked 
|  68|0x0000000084400000, 0x0000000084500000, 0x0000000084500000|100%| O|  |TAMS 0x0000000084500000, 0x0000000084500000| Untracked 
|  69|0x0000000084500000, 0x0000000084600000, 0x0000000084600000|100%| O|  |TAMS 0x0000000084600000, 0x0000000084600000| Untracked 
|  70|0x0000000084600000, 0x0000000084700000, 0x0000000084700000|100%| O|  |TAMS 0x0000000084700000, 0x0000000084700000| Untracked 
|  71|0x0000000084700000, 0x0000000084800000, 0x0000000084800000|100%| O|  |TAMS 0x0000000084800000, 0x0000000084800000| Untracked 
|  72|0x0000000084800000, 0x0000000084900000, 0x0000000084900000|100%| O|  |TAMS 0x0000000084900000, 0x0000000084900000| Untracked 
|  73|0x0000000084900000, 0x0000000084a00000, 0x0000000084a00000|100%| O|  |TAMS 0x0000000084a00000, 0x0000000084a00000| Untracked 
|  74|0x0000000084a00000, 0x0000000084b00000, 0x0000000084b00000|100%| O|  |TAMS 0x0000000084b00000, 0x0000000084b00000| Untracked 
|  75|0x0000000084b00000, 0x0000000084c00000, 0x0000000084c00000|100%| O|  |TAMS 0x0000000084c00000, 0x0000000084c00000| Untracked 
|  76|0x0000000084c00000, 0x0000000084d00000, 0x0000000084d00000|100%| O|  |TAMS 0x0000000084d00000, 0x0000000084d00000| Untracked 
|  77|0x0000000084d00000, 0x0000000084e00000, 0x0000000084e00000|100%| O|  |TAMS 0x0000000084e00000, 0x0000000084e00000| Untracked 
|  78|0x0000000084e00000, 0x0000000084f00000, 0x0000000084f00000|100%| O|  |TAMS 0x0000000084f00000, 0x0000000084f00000| Untracked 
|  79|0x0000000084f00000, 0x0000000085000000, 0x0000000085000000|100%| O|  |TAMS 0x0000000085000000, 0x0000000085000000| Untracked 
|  80|0x0000000085000000, 0x0000000085100000, 0x0000000085100000|100%| O|  |TAMS 0x0000000085100000, 0x0000000085100000| Untracked 
|  81|0x0000000085100000, 0x0000000085200000, 0x0000000085200000|100%| O|  |TAMS 0x0000000085200000, 0x0000000085200000| Untracked 
|  82|0x0000000085200000, 0x0000000085300000, 0x0000000085300000|100%| O|  |TAMS 0x0000000085300000, 0x0000000085300000| Untracked 
|  83|0x0000000085300000, 0x0000000085400000, 0x0000000085400000|100%| O|  |TAMS 0x0000000085400000, 0x0000000085400000| Untracked 
|  84|0x0000000085400000, 0x0000000085500000, 0x0000000085500000|100%| O|  |TAMS 0x0000000085500000, 0x0000000085500000| Untracked 
|  85|0x0000000085500000, 0x0000000085600000, 0x0000000085600000|100%| O|  |TAMS 0x0000000085600000, 0x0000000085600000| Untracked 
|  86|0x0000000085600000, 0x0000000085700000, 0x0000000085700000|100%| O|  |TAMS 0x0000000085700000, 0x0000000085700000| Untracked 
|  87|0x0000000085700000, 0x0000000085800000, 0x0000000085800000|100%| O|  |TAMS 0x0000000085800000, 0x0000000085800000| Untracked 
|  88|0x0000000085800000, 0x0000000085900000, 0x0000000085900000|100%| O|  |TAMS 0x0000000085900000, 0x0000000085900000| Untracked 
|  89|0x0000000085900000, 0x0000000085a00000, 0x0000000085a00000|100%| O|  |TAMS 0x0000000085a00000, 0x0000000085a00000| Untracked 
|  90|0x0000000085a00000, 0x0000000085b00000, 0x0000000085b00000|100%| O|  |TAMS 0x0000000085b00000, 0x0000000085b00000| Untracked 
|  91|0x0000000085b00000, 0x0000000085c00000, 0x0000000085c00000|100%| O|  |TAMS 0x0000000085c00000, 0x0000000085c00000| Untracked 
|  92|0x0000000085c00000, 0x0000000085d00000, 0x0000000085d00000|100%| O|  |TAMS 0x0000000085d00000, 0x0000000085d00000| Untracked 
|  93|0x0000000085d00000, 0x0000000085e00000, 0x0000000085e00000|100%| O|  |TAMS 0x0000000085e00000, 0x0000000085e00000| Untracked 
|  94|0x0000000085e00000, 0x0000000085f00000, 0x0000000085f00000|100%| O|  |TAMS 0x0000000085f00000, 0x0000000085f00000| Untracked 
|  95|0x0000000085f00000, 0x0000000086000000, 0x0000000086000000|100%| O|  |TAMS 0x0000000086000000, 0x0000000086000000| Untracked 
|  96|0x0000000086000000, 0x0000000086100000, 0x0000000086100000|100%| O|  |TAMS 0x0000000086100000, 0x0000000086100000| Untracked 
|  97|0x0000000086100000, 0x0000000086200000, 0x0000000086200000|100%| O|  |TAMS 0x0000000086200000, 0x0000000086200000| Untracked 
|  98|0x0000000086200000, 0x0000000086300000, 0x0000000086300000|100%| O|  |TAMS 0x0000000086300000, 0x0000000086300000| Untracked 
|  99|0x0000000086300000, 0x0000000086400000, 0x0000000086400000|100%| O|  |TAMS 0x0000000086400000, 0x0000000086400000| Untracked 
| 100|0x0000000086400000, 0x0000000086500000, 0x0000000086500000|100%| O|  |TAMS 0x0000000086500000, 0x0000000086500000| Untracked 
| 101|0x0000000086500000, 0x0000000086600000, 0x0000000086600000|100%| O|  |TAMS 0x0000000086600000, 0x0000000086600000| Untracked 
| 102|0x0000000086600000, 0x0000000086700000, 0x0000000086700000|100%| O|  |TAMS 0x0000000086700000, 0x0000000086700000| Untracked 
| 103|0x0000000086700000, 0x0000000086800000, 0x0000000086800000|100%| O|  |TAMS 0x0000000086800000, 0x0000000086800000| Untracked 
| 104|0x0000000086800000, 0x0000000086900000, 0x0000000086900000|100%| O|  |TAMS 0x0000000086900000, 0x0000000086900000| Untracked 
| 105|0x0000000086900000, 0x0000000086a00000, 0x0000000086a00000|100%| O|  |TAMS 0x0000000086a00000, 0x0000000086a00000| Untracked 
| 106|0x0000000086a00000, 0x0000000086b00000, 0x0000000086b00000|100%| O|  |TAMS 0x0000000086b00000, 0x0000000086b00000| Untracked 
| 107|0x0000000086b00000, 0x0000000086c00000, 0x0000000086c00000|100%| O|  |TAMS 0x0000000086c00000, 0x0000000086c00000| Untracked 
| 108|0x0000000086c00000, 0x0000000086d00000, 0x0000000086d00000|100%| O|  |TAMS 0x0000000086d00000, 0x0000000086d00000| Untracked 
| 109|0x0000000086d00000, 0x0000000086e00000, 0x0000000086e00000|100%| O|  |TAMS 0x0000000086e00000, 0x0000000086e00000| Untracked 
| 110|0x0000000086e00000, 0x0000000086f00000, 0x0000000086f00000|100%| O|  |TAMS 0x0000000086f00000, 0x0000000086f00000| Untracked 
| 111|0x0000000086f00000, 0x0000000086f00000, 0x0000000087000000|  0%| F|  |TAMS 0x0000000086f00000, 0x0000000086f00000| Untracked 
| 112|0x0000000087000000, 0x0000000087000000, 0x0000000087100000|  0%| F|  |TAMS 0x0000000087000000, 0x0000000087000000| Untracked 
| 113|0x0000000087100000, 0x0000000087200000, 0x0000000087200000|100%| O|  |TAMS 0x0000000087200000, 0x0000000087200000| Untracked 
| 114|0x0000000087200000, 0x0000000087300000, 0x0000000087300000|100%| O|  |TAMS 0x0000000087300000, 0x0000000087300000| Untracked 
| 115|0x0000000087300000, 0x0000000087400000, 0x0000000087400000|100%| O|  |TAMS 0x0000000087400000, 0x0000000087400000| Untracked 
| 116|0x0000000087400000, 0x0000000087500000, 0x0000000087500000|100%| O|  |TAMS 0x0000000087500000, 0x0000000087500000| Untracked 
| 117|0x0000000087500000, 0x0000000087600000, 0x0000000087600000|100%| O|  |TAMS 0x0000000087600000, 0x0000000087600000| Untracked 
| 118|0x0000000087600000, 0x0000000087700000, 0x0000000087700000|100%| O|  |TAMS 0x0000000087700000, 0x0000000087700000| Untracked 
| 119|0x0000000087700000, 0x0000000087800000, 0x0000000087800000|100%| O|  |TAMS 0x0000000087800000, 0x0000000087800000| Untracked 
| 120|0x0000000087800000, 0x0000000087900000, 0x0000000087900000|100%| O|  |TAMS 0x0000000087900000, 0x0000000087900000| Untracked 
| 121|0x0000000087900000, 0x0000000087a00000, 0x0000000087a00000|100%| O|  |TAMS 0x0000000087a00000, 0x0000000087a00000| Untracked 
| 122|0x0000000087a00000, 0x0000000087b00000, 0x0000000087b00000|100%| O|  |TAMS 0x0000000087b00000, 0x0000000087b00000| Untracked 
| 123|0x0000000087b00000, 0x0000000087c00000, 0x0000000087c00000|100%| O|  |TAMS 0x0000000087c00000, 0x0000000087c00000| Untracked 
| 124|0x0000000087c00000, 0x0000000087d00000, 0x0000000087d00000|100%| O|  |TAMS 0x0000000087d00000, 0x0000000087d00000| Untracked 
| 125|0x0000000087d00000, 0x0000000087e00000, 0x0000000087e00000|100%| O|  |TAMS 0x0000000087e00000, 0x0000000087e00000| Untracked 
| 126|0x0000000087e00000, 0x0000000087f00000, 0x0000000087f00000|100%| O|  |TAMS 0x0000000087f00000, 0x0000000087f00000| Untracked 
| 127|0x0000000087f00000, 0x0000000088000000, 0x0000000088000000|100%| O|  |TAMS 0x0000000088000000, 0x0000000088000000| Untracked 
| 128|0x0000000088000000, 0x0000000088000000, 0x0000000088100000|  0%| F|  |TAMS 0x0000000088000000, 0x0000000088000000| Untracked 
| 129|0x0000000088100000, 0x0000000088200000, 0x0000000088200000|100%| O|  |TAMS 0x0000000088200000, 0x0000000088200000| Untracked 
| 130|0x0000000088200000, 0x0000000088300000, 0x0000000088300000|100%| O|  |TAMS 0x0000000088300000, 0x0000000088300000| Untracked 
| 131|0x0000000088300000, 0x0000000088400000, 0x0000000088400000|100%| O|  |TAMS 0x0000000088400000, 0x0000000088400000| Untracked 
| 132|0x0000000088400000, 0x0000000088500000, 0x0000000088500000|100%| O|  |TAMS 0x0000000088500000, 0x0000000088500000| Untracked 
| 133|0x0000000088500000, 0x0000000088600000, 0x0000000088600000|100%| O|  |TAMS 0x0000000088600000, 0x0000000088600000| Untracked 
| 134|0x0000000088600000, 0x0000000088700000, 0x0000000088700000|100%| O|  |TAMS 0x0000000088700000, 0x0000000088700000| Untracked 
| 135|0x0000000088700000, 0x0000000088800000, 0x0000000088800000|100%| O|  |TAMS 0x0000000088800000, 0x0000000088800000| Untracked 
| 136|0x0000000088800000, 0x0000000088900000, 0x0000000088900000|100%| O|  |TAMS 0x0000000088900000, 0x0000000088900000| Untracked 
| 137|0x0000000088900000, 0x0000000088a00000, 0x0000000088a00000|100%| O|  |TAMS 0x0000000088a00000, 0x0000000088a00000| Untracked 
| 138|0x0000000088a00000, 0x0000000088b00000, 0x0000000088b00000|100%| O|  |TAMS 0x0000000088b00000, 0x0000000088b00000| Untracked 
| 139|0x0000000088b00000, 0x0000000088c00000, 0x0000000088c00000|100%| O|  |TAMS 0x0000000088c00000, 0x0000000088c00000| Untracked 
| 140|0x0000000088c00000, 0x0000000088c00000, 0x0000000088d00000|  0%| F|  |TAMS 0x0000000088c00000, 0x0000000088c00000| Untracked 
| 141|0x0000000088d00000, 0x0000000088e00000, 0x0000000088e00000|100%| O|  |TAMS 0x0000000088e00000, 0x0000000088e00000| Untracked 
| 142|0x0000000088e00000, 0x0000000088f00000, 0x0000000088f00000|100%| O|  |TAMS 0x0000000088f00000, 0x0000000088f00000| Untracked 
| 143|0x0000000088f00000, 0x0000000089000000, 0x0000000089000000|100%| O|  |TAMS 0x0000000089000000, 0x0000000089000000| Untracked 
| 144|0x0000000089000000, 0x0000000089100000, 0x0000000089100000|100%| O|  |TAMS 0x0000000089100000, 0x0000000089100000| Untracked 
| 145|0x0000000089100000, 0x0000000089200000, 0x0000000089200000|100%| O|  |TAMS 0x0000000089200000, 0x0000000089200000| Untracked 
| 146|0x0000000089200000, 0x0000000089200000, 0x0000000089300000|  0%| F|  |TAMS 0x0000000089200000, 0x0000000089200000| Untracked 
| 147|0x0000000089300000, 0x0000000089400000, 0x0000000089400000|100%| O|  |TAMS 0x0000000089400000, 0x0000000089400000| Untracked 
| 148|0x0000000089400000, 0x0000000089500000, 0x0000000089500000|100%| O|  |TAMS 0x0000000089500000, 0x0000000089500000| Untracked 
| 149|0x0000000089500000, 0x0000000089600000, 0x0000000089600000|100%| O|  |TAMS 0x0000000089600000, 0x0000000089600000| Untracked 
| 150|0x0000000089600000, 0x0000000089700000, 0x0000000089700000|100%| O|  |TAMS 0x0000000089700000, 0x0000000089700000| Untracked 
| 151|0x0000000089700000, 0x0000000089800000, 0x0000000089800000|100%| O|  |TAMS 0x0000000089800000, 0x0000000089800000| Untracked 
| 152|0x0000000089800000, 0x0000000089900000, 0x0000000089900000|100%| O|  |TAMS 0x0000000089900000, 0x0000000089900000| Untracked 
| 153|0x0000000089900000, 0x0000000089a00000, 0x0000000089a00000|100%| O|  |TAMS 0x0000000089a00000, 0x0000000089a00000| Untracked 
| 154|0x0000000089a00000, 0x0000000089b00000, 0x0000000089b00000|100%| O|  |TAMS 0x0000000089b00000, 0x0000000089b00000| Untracked 
| 155|0x0000000089b00000, 0x0000000089c00000, 0x0000000089c00000|100%| O|  |TAMS 0x0000000089c00000, 0x0000000089c00000| Untracked 
| 156|0x0000000089c00000, 0x0000000089d00000, 0x0000000089d00000|100%| O|  |TAMS 0x0000000089d00000, 0x0000000089d00000| Untracked 
| 157|0x0000000089d00000, 0x0000000089db8000, 0x0000000089e00000| 71%| O|  |TAMS 0x0000000089db8000, 0x0000000089db8000| Untracked 
| 158|0x0000000089e00000, 0x0000000089e00000, 0x0000000089f00000|  0%| F|  |TAMS 0x0000000089e00000, 0x0000000089e00000| Untracked 
| 159|0x0000000089f00000, 0x0000000089f00000, 0x000000008a000000|  0%| F|  |TAMS 0x0000000089f00000, 0x0000000089f00000| Untracked 
| 160|0x000000008a000000, 0x000000008a000000, 0x000000008a100000|  0%| F|  |TAMS 0x000000008a000000, 0x000000008a000000| Untracked 
| 161|0x000000008a100000, 0x000000008a100000, 0x000000008a200000|  0%| F|  |TAMS 0x000000008a100000, 0x000000008a100000| Untracked 
| 162|0x000000008a200000, 0x000000008a200000, 0x000000008a300000|  0%| F|  |TAMS 0x000000008a200000, 0x000000008a200000| Untracked 
| 163|0x000000008a300000, 0x000000008a300000, 0x000000008a400000|  0%| F|  |TAMS 0x000000008a300000, 0x000000008a300000| Untracked 
| 164|0x000000008a400000, 0x000000008a400000, 0x000000008a500000|  0%| F|  |TAMS 0x000000008a400000, 0x000000008a400000| Untracked 
| 165|0x000000008a500000, 0x000000008a500000, 0x000000008a600000|  0%| F|  |TAMS 0x000000008a500000, 0x000000008a500000| Untracked 
| 166|0x000000008a600000, 0x000000008a600000, 0x000000008a700000|  0%| F|  |TAMS 0x000000008a600000, 0x000000008a600000| Untracked 
| 167|0x000000008a700000, 0x000000008a700000, 0x000000008a800000|  0%| F|  |TAMS 0x000000008a700000, 0x000000008a700000| Untracked 
| 168|0x000000008a800000, 0x000000008a800000, 0x000000008a900000|  0%| F|  |TAMS 0x000000008a800000, 0x000000008a800000| Untracked 
| 169|0x000000008a900000, 0x000000008a900000, 0x000000008aa00000|  0%| F|  |TAMS 0x000000008a900000, 0x000000008a900000| Untracked 
| 170|0x000000008aa00000, 0x000000008aa00000, 0x000000008ab00000|  0%| F|  |TAMS 0x000000008aa00000, 0x000000008aa00000| Untracked 
| 171|0x000000008ab00000, 0x000000008ab00000, 0x000000008ac00000|  0%| F|  |TAMS 0x000000008ab00000, 0x000000008ab00000| Untracked 
| 172|0x000000008ac00000, 0x000000008ac00000, 0x000000008ad00000|  0%| F|  |TAMS 0x000000008ac00000, 0x000000008ac00000| Untracked 
| 173|0x000000008ad00000, 0x000000008ad00000, 0x000000008ae00000|  0%| F|  |TAMS 0x000000008ad00000, 0x000000008ad00000| Untracked 
| 174|0x000000008ae00000, 0x000000008ae00000, 0x000000008af00000|  0%| F|  |TAMS 0x000000008ae00000, 0x000000008ae00000| Untracked 
| 175|0x000000008af00000, 0x000000008af00000, 0x000000008b000000|  0%| F|  |TAMS 0x000000008af00000, 0x000000008af00000| Untracked 
| 176|0x000000008b000000, 0x000000008b000000, 0x000000008b100000|  0%| F|  |TAMS 0x000000008b000000, 0x000000008b000000| Untracked 
| 177|0x000000008b100000, 0x000000008b100000, 0x000000008b200000|  0%| F|  |TAMS 0x000000008b100000, 0x000000008b100000| Untracked 
| 178|0x000000008b200000, 0x000000008b200000, 0x000000008b300000|  0%| F|  |TAMS 0x000000008b200000, 0x000000008b200000| Untracked 
| 179|0x000000008b300000, 0x000000008b300000, 0x000000008b400000|  0%| F|  |TAMS 0x000000008b300000, 0x000000008b300000| Untracked 
| 180|0x000000008b400000, 0x000000008b400000, 0x000000008b500000|  0%| F|  |TAMS 0x000000008b400000, 0x000000008b400000| Untracked 
| 181|0x000000008b500000, 0x000000008b500000, 0x000000008b600000|  0%| F|  |TAMS 0x000000008b500000, 0x000000008b500000| Untracked 
| 182|0x000000008b600000, 0x000000008b600000, 0x000000008b700000|  0%| F|  |TAMS 0x000000008b600000, 0x000000008b600000| Untracked 
| 183|0x000000008b700000, 0x000000008b700000, 0x000000008b800000|  0%| F|  |TAMS 0x000000008b700000, 0x000000008b700000| Untracked 
| 184|0x000000008b800000, 0x000000008b800000, 0x000000008b900000|  0%| F|  |TAMS 0x000000008b800000, 0x000000008b800000| Untracked 
| 185|0x000000008b900000, 0x000000008b900000, 0x000000008ba00000|  0%| F|  |TAMS 0x000000008b900000, 0x000000008b900000| Untracked 
| 186|0x000000008ba00000, 0x000000008ba00000, 0x000000008bb00000|  0%| F|  |TAMS 0x000000008ba00000, 0x000000008ba00000| Untracked 
| 187|0x000000008bb00000, 0x000000008bb00000, 0x000000008bc00000|  0%| F|  |TAMS 0x000000008bb00000, 0x000000008bb00000| Untracked 
| 188|0x000000008bc00000, 0x000000008bc00000, 0x000000008bd00000|  0%| F|  |TAMS 0x000000008bc00000, 0x000000008bc00000| Untracked 
| 189|0x000000008bd00000, 0x000000008bd00000, 0x000000008be00000|  0%| F|  |TAMS 0x000000008bd00000, 0x000000008bd00000| Untracked 
| 190|0x000000008be00000, 0x000000008be00000, 0x000000008bf00000|  0%| F|  |TAMS 0x000000008be00000, 0x000000008be00000| Untracked 
| 191|0x000000008bf00000, 0x000000008bf00000, 0x000000008c000000|  0%| F|  |TAMS 0x000000008bf00000, 0x000000008bf00000| Untracked 
| 192|0x000000008c000000, 0x000000008c000000, 0x000000008c100000|  0%| F|  |TAMS 0x000000008c000000, 0x000000008c000000| Untracked 
| 193|0x000000008c100000, 0x000000008c100000, 0x000000008c200000|  0%| F|  |TAMS 0x000000008c100000, 0x000000008c100000| Untracked 
| 194|0x000000008c200000, 0x000000008c200000, 0x000000008c300000|  0%| F|  |TAMS 0x000000008c200000, 0x000000008c200000| Untracked 
| 195|0x000000008c300000, 0x000000008c300000, 0x000000008c400000|  0%| F|  |TAMS 0x000000008c300000, 0x000000008c300000| Untracked 
| 196|0x000000008c400000, 0x000000008c400000, 0x000000008c500000|  0%| F|  |TAMS 0x000000008c400000, 0x000000008c400000| Untracked 
| 197|0x000000008c500000, 0x000000008c500000, 0x000000008c600000|  0%| F|  |TAMS 0x000000008c500000, 0x000000008c500000| Untracked 
| 198|0x000000008c600000, 0x000000008c600000, 0x000000008c700000|  0%| F|  |TAMS 0x000000008c600000, 0x000000008c600000| Untracked 
| 199|0x000000008c700000, 0x000000008c700000, 0x000000008c800000|  0%| F|  |TAMS 0x000000008c700000, 0x000000008c700000| Untracked 
| 200|0x000000008c800000, 0x000000008c800000, 0x000000008c900000|  0%| F|  |TAMS 0x000000008c800000, 0x000000008c800000| Untracked 
| 201|0x000000008c900000, 0x000000008c900000, 0x000000008ca00000|  0%| F|  |TAMS 0x000000008c900000, 0x000000008c900000| Untracked 
| 202|0x000000008ca00000, 0x000000008ca00000, 0x000000008cb00000|  0%| F|  |TAMS 0x000000008ca00000, 0x000000008ca00000| Untracked 
| 203|0x000000008cb00000, 0x000000008cb00000, 0x000000008cc00000|  0%| F|  |TAMS 0x000000008cb00000, 0x000000008cb00000| Untracked 
| 204|0x000000008cc00000, 0x000000008cc00000, 0x000000008cd00000|  0%| F|  |TAMS 0x000000008cc00000, 0x000000008cc00000| Untracked 
| 205|0x000000008cd00000, 0x000000008cd00000, 0x000000008ce00000|  0%| F|  |TAMS 0x000000008cd00000, 0x000000008cd00000| Untracked 
| 206|0x000000008ce00000, 0x000000008ce00000, 0x000000008cf00000|  0%| F|  |TAMS 0x000000008ce00000, 0x000000008ce00000| Untracked 
| 207|0x000000008cf00000, 0x000000008cf00000, 0x000000008d000000|  0%| F|  |TAMS 0x000000008cf00000, 0x000000008cf00000| Untracked 
| 208|0x000000008d000000, 0x000000008d000000, 0x000000008d100000|  0%| F|  |TAMS 0x000000008d000000, 0x000000008d000000| Untracked 
| 209|0x000000008d100000, 0x000000008d100000, 0x000000008d200000|  0%| F|  |TAMS 0x000000008d100000, 0x000000008d100000| Untracked 
| 210|0x000000008d200000, 0x000000008d200000, 0x000000008d300000|  0%| F|  |TAMS 0x000000008d200000, 0x000000008d200000| Untracked 
| 211|0x000000008d300000, 0x000000008d300000, 0x000000008d400000|  0%| F|  |TAMS 0x000000008d300000, 0x000000008d300000| Untracked 
| 212|0x000000008d400000, 0x000000008d400000, 0x000000008d500000|  0%| F|  |TAMS 0x000000008d400000, 0x000000008d400000| Untracked 
| 213|0x000000008d500000, 0x000000008d500000, 0x000000008d600000|  0%| F|  |TAMS 0x000000008d500000, 0x000000008d500000| Untracked 
| 214|0x000000008d600000, 0x000000008d600000, 0x000000008d700000|  0%| F|  |TAMS 0x000000008d600000, 0x000000008d600000| Untracked 
| 215|0x000000008d700000, 0x000000008d700000, 0x000000008d800000|  0%| F|  |TAMS 0x000000008d700000, 0x000000008d700000| Untracked 
| 216|0x000000008d800000, 0x000000008d800000, 0x000000008d900000|  0%| F|  |TAMS 0x000000008d800000, 0x000000008d800000| Untracked 
| 217|0x000000008d900000, 0x000000008d900000, 0x000000008da00000|  0%| F|  |TAMS 0x000000008d900000, 0x000000008d900000| Untracked 
| 218|0x000000008da00000, 0x000000008da00000, 0x000000008db00000|  0%| F|  |TAMS 0x000000008da00000, 0x000000008da00000| Untracked 
| 219|0x000000008db00000, 0x000000008db00000, 0x000000008dc00000|  0%| F|  |TAMS 0x000000008db00000, 0x000000008db00000| Untracked 
| 220|0x000000008dc00000, 0x000000008dc00000, 0x000000008dd00000|  0%| F|  |TAMS 0x000000008dc00000, 0x000000008dc00000| Untracked 
| 221|0x000000008dd00000, 0x000000008dd00000, 0x000000008de00000|  0%| F|  |TAMS 0x000000008dd00000, 0x000000008dd00000| Untracked 
| 222|0x000000008de00000, 0x000000008de00000, 0x000000008df00000|  0%| F|  |TAMS 0x000000008de00000, 0x000000008de00000| Untracked 
| 223|0x000000008df00000, 0x000000008df00000, 0x000000008e000000|  0%| F|  |TAMS 0x000000008df00000, 0x000000008df00000| Untracked 
| 224|0x000000008e000000, 0x000000008e000000, 0x000000008e100000|  0%| F|  |TAMS 0x000000008e000000, 0x000000008e000000| Untracked 
| 225|0x000000008e100000, 0x000000008e100000, 0x000000008e200000|  0%| F|  |TAMS 0x000000008e100000, 0x000000008e100000| Untracked 
| 226|0x000000008e200000, 0x000000008e200000, 0x000000008e300000|  0%| F|  |TAMS 0x000000008e200000, 0x000000008e200000| Untracked 
| 227|0x000000008e300000, 0x000000008e300000, 0x000000008e400000|  0%| F|  |TAMS 0x000000008e300000, 0x000000008e300000| Untracked 
| 228|0x000000008e400000, 0x000000008e400000, 0x000000008e500000|  0%| F|  |TAMS 0x000000008e400000, 0x000000008e400000| Untracked 
| 229|0x000000008e500000, 0x000000008e500000, 0x000000008e600000|  0%| F|  |TAMS 0x000000008e500000, 0x000000008e500000| Untracked 
| 230|0x000000008e600000, 0x000000008e600000, 0x000000008e700000|  0%| F|  |TAMS 0x000000008e600000, 0x000000008e600000| Untracked 
| 231|0x000000008e700000, 0x000000008e700000, 0x000000008e800000|  0%| F|  |TAMS 0x000000008e700000, 0x000000008e700000| Untracked 
| 232|0x000000008e800000, 0x000000008e800000, 0x000000008e900000|  0%| F|  |TAMS 0x000000008e800000, 0x000000008e800000| Untracked 
| 233|0x000000008e900000, 0x000000008e900000, 0x000000008ea00000|  0%| F|  |TAMS 0x000000008e900000, 0x000000008e900000| Untracked 
| 234|0x000000008ea00000, 0x000000008ea00000, 0x000000008eb00000|  0%| F|  |TAMS 0x000000008ea00000, 0x000000008ea00000| Untracked 
| 235|0x000000008eb00000, 0x000000008eb00000, 0x000000008ec00000|  0%| F|  |TAMS 0x000000008eb00000, 0x000000008eb00000| Untracked 
| 236|0x000000008ec00000, 0x000000008ecb37f8, 0x000000008ed00000| 70%| S|CS|TAMS 0x000000008ec00000, 0x000000008ec00000| Complete 
| 237|0x000000008ed00000, 0x000000008ee00000, 0x000000008ee00000|100%| S|CS|TAMS 0x000000008ed00000, 0x000000008ed00000| Complete 
| 238|0x000000008ee00000, 0x000000008ef00000, 0x000000008ef00000|100%| S|CS|TAMS 0x000000008ee00000, 0x000000008ee00000| Complete 
| 239|0x000000008ef00000, 0x000000008ef00000, 0x000000008f000000|  0%| F|  |TAMS 0x000000008ef00000, 0x000000008ef00000| Untracked 
| 240|0x000000008f000000, 0x000000008f000000, 0x000000008f100000|  0%| F|  |TAMS 0x000000008f000000, 0x000000008f000000| Untracked 
| 241|0x000000008f100000, 0x000000008f100000, 0x000000008f200000|  0%| F|  |TAMS 0x000000008f100000, 0x000000008f100000| Untracked 
| 242|0x000000008f200000, 0x000000008f200000, 0x000000008f300000|  0%| F|  |TAMS 0x000000008f200000, 0x000000008f200000| Untracked 
| 243|0x000000008f300000, 0x000000008f300000, 0x000000008f400000|  0%| F|  |TAMS 0x000000008f300000, 0x000000008f300000| Untracked 
| 244|0x000000008f400000, 0x000000008f400000, 0x000000008f500000|  0%| F|  |TAMS 0x000000008f400000, 0x000000008f400000| Untracked 
| 245|0x000000008f500000, 0x000000008f500000, 0x000000008f600000|  0%| F|  |TAMS 0x000000008f500000, 0x000000008f500000| Untracked 
| 246|0x000000008f600000, 0x000000008f600000, 0x000000008f700000|  0%| F|  |TAMS 0x000000008f600000, 0x000000008f600000| Untracked 
| 247|0x000000008f700000, 0x000000008f700000, 0x000000008f800000|  0%| F|  |TAMS 0x000000008f700000, 0x000000008f700000| Untracked 
| 248|0x000000008f800000, 0x000000008f800000, 0x000000008f900000|  0%| F|  |TAMS 0x000000008f800000, 0x000000008f800000| Untracked 
| 249|0x000000008f900000, 0x000000008f900000, 0x000000008fa00000|  0%| F|  |TAMS 0x000000008f900000, 0x000000008f900000| Untracked 
| 250|0x000000008fa00000, 0x000000008fa00000, 0x000000008fb00000|  0%| F|  |TAMS 0x000000008fa00000, 0x000000008fa00000| Untracked 
| 251|0x000000008fb00000, 0x000000008fb00000, 0x000000008fc00000|  0%| F|  |TAMS 0x000000008fb00000, 0x000000008fb00000| Untracked 
| 252|0x000000008fc00000, 0x000000008fc00000, 0x000000008fd00000|  0%| F|  |TAMS 0x000000008fc00000, 0x000000008fc00000| Untracked 
| 253|0x000000008fd00000, 0x000000008fd00000, 0x000000008fe00000|  0%| F|  |TAMS 0x000000008fd00000, 0x000000008fd00000| Untracked 
| 254|0x000000008fe00000, 0x000000008fe00000, 0x000000008ff00000|  0%| F|  |TAMS 0x000000008fe00000, 0x000000008fe00000| Untracked 
| 255|0x000000008ff00000, 0x000000008ff00000, 0x0000000090000000|  0%| F|  |TAMS 0x000000008ff00000, 0x000000008ff00000| Untracked 
| 256|0x0000000090000000, 0x0000000090000000, 0x0000000090100000|  0%| F|  |TAMS 0x0000000090000000, 0x0000000090000000| Untracked 
| 257|0x0000000090100000, 0x0000000090100000, 0x0000000090200000|  0%| F|  |TAMS 0x0000000090100000, 0x0000000090100000| Untracked 
| 258|0x0000000090200000, 0x0000000090200000, 0x0000000090300000|  0%| F|  |TAMS 0x0000000090200000, 0x0000000090200000| Untracked 
| 259|0x0000000090300000, 0x0000000090300000, 0x0000000090400000|  0%| F|  |TAMS 0x0000000090300000, 0x0000000090300000| Untracked 
| 260|0x0000000090400000, 0x0000000090400000, 0x0000000090500000|  0%| F|  |TAMS 0x0000000090400000, 0x0000000090400000| Untracked 
| 261|0x0000000090500000, 0x0000000090500000, 0x0000000090600000|  0%| F|  |TAMS 0x0000000090500000, 0x0000000090500000| Untracked 
| 262|0x0000000090600000, 0x0000000090600000, 0x0000000090700000|  0%| F|  |TAMS 0x0000000090600000, 0x0000000090600000| Untracked 
| 263|0x0000000090700000, 0x0000000090700000, 0x0000000090800000|  0%| F|  |TAMS 0x0000000090700000, 0x0000000090700000| Untracked 
| 264|0x0000000090800000, 0x0000000090800000, 0x0000000090900000|  0%| F|  |TAMS 0x0000000090800000, 0x0000000090800000| Untracked 
| 265|0x0000000090900000, 0x0000000090900000, 0x0000000090a00000|  0%| F|  |TAMS 0x0000000090900000, 0x0000000090900000| Untracked 
| 266|0x0000000090a00000, 0x0000000090a00000, 0x0000000090b00000|  0%| F|  |TAMS 0x0000000090a00000, 0x0000000090a00000| Untracked 
| 267|0x0000000090b00000, 0x0000000090b00000, 0x0000000090c00000|  0%| F|  |TAMS 0x0000000090b00000, 0x0000000090b00000| Untracked 
| 268|0x0000000090c00000, 0x0000000090c00000, 0x0000000090d00000|  0%| F|  |TAMS 0x0000000090c00000, 0x0000000090c00000| Untracked 
| 269|0x0000000090d00000, 0x0000000090d00000, 0x0000000090e00000|  0%| F|  |TAMS 0x0000000090d00000, 0x0000000090d00000| Untracked 
| 270|0x0000000090e00000, 0x0000000090e00000, 0x0000000090f00000|  0%| F|  |TAMS 0x0000000090e00000, 0x0000000090e00000| Untracked 
| 271|0x0000000090f00000, 0x0000000090f00000, 0x0000000091000000|  0%| F|  |TAMS 0x0000000090f00000, 0x0000000090f00000| Untracked 
| 272|0x0000000091000000, 0x0000000091000000, 0x0000000091100000|  0%| F|  |TAMS 0x0000000091000000, 0x0000000091000000| Untracked 
| 273|0x0000000091100000, 0x0000000091100000, 0x0000000091200000|  0%| F|  |TAMS 0x0000000091100000, 0x0000000091100000| Untracked 
| 274|0x0000000091200000, 0x0000000091200000, 0x0000000091300000|  0%| F|  |TAMS 0x0000000091200000, 0x0000000091200000| Untracked 
| 275|0x0000000091300000, 0x0000000091300000, 0x0000000091400000|  0%| F|  |TAMS 0x0000000091300000, 0x0000000091300000| Untracked 
| 276|0x0000000091400000, 0x0000000091400000, 0x0000000091500000|  0%| F|  |TAMS 0x0000000091400000, 0x0000000091400000| Untracked 
| 277|0x0000000091500000, 0x0000000091500000, 0x0000000091600000|  0%| F|  |TAMS 0x0000000091500000, 0x0000000091500000| Untracked 
| 278|0x0000000091600000, 0x0000000091600000, 0x0000000091700000|  0%| F|  |TAMS 0x0000000091600000, 0x0000000091600000| Untracked 
| 279|0x0000000091700000, 0x0000000091700000, 0x0000000091800000|  0%| F|  |TAMS 0x0000000091700000, 0x0000000091700000| Untracked 
| 280|0x0000000091800000, 0x0000000091800000, 0x0000000091900000|  0%| F|  |TAMS 0x0000000091800000, 0x0000000091800000| Untracked 
| 281|0x0000000091900000, 0x0000000091900000, 0x0000000091a00000|  0%| F|  |TAMS 0x0000000091900000, 0x0000000091900000| Untracked 
| 282|0x0000000091a00000, 0x0000000091a00000, 0x0000000091b00000|  0%| F|  |TAMS 0x0000000091a00000, 0x0000000091a00000| Untracked 
| 283|0x0000000091b00000, 0x0000000091b00000, 0x0000000091c00000|  0%| F|  |TAMS 0x0000000091b00000, 0x0000000091b00000| Untracked 
| 284|0x0000000091c00000, 0x0000000091c00000, 0x0000000091d00000|  0%| F|  |TAMS 0x0000000091c00000, 0x0000000091c00000| Untracked 
| 285|0x0000000091d00000, 0x0000000091d00000, 0x0000000091e00000|  0%| F|  |TAMS 0x0000000091d00000, 0x0000000091d00000| Untracked 
| 286|0x0000000091e00000, 0x0000000091e00000, 0x0000000091f00000|  0%| F|  |TAMS 0x0000000091e00000, 0x0000000091e00000| Untracked 
| 287|0x0000000091f00000, 0x0000000091f00000, 0x0000000092000000|  0%| F|  |TAMS 0x0000000091f00000, 0x0000000091f00000| Untracked 
| 288|0x0000000092000000, 0x0000000092000000, 0x0000000092100000|  0%| F|  |TAMS 0x0000000092000000, 0x0000000092000000| Untracked 
| 289|0x0000000092100000, 0x0000000092100000, 0x0000000092200000|  0%| F|  |TAMS 0x0000000092100000, 0x0000000092100000| Untracked 
| 290|0x0000000092200000, 0x0000000092200000, 0x0000000092300000|  0%| F|  |TAMS 0x0000000092200000, 0x0000000092200000| Untracked 
| 291|0x0000000092300000, 0x0000000092300000, 0x0000000092400000|  0%| F|  |TAMS 0x0000000092300000, 0x0000000092300000| Untracked 
| 292|0x0000000092400000, 0x0000000092400000, 0x0000000092500000|  0%| F|  |TAMS 0x0000000092400000, 0x0000000092400000| Untracked 
| 293|0x0000000092500000, 0x0000000092500000, 0x0000000092600000|  0%| F|  |TAMS 0x0000000092500000, 0x0000000092500000| Untracked 
| 294|0x0000000092600000, 0x0000000092600000, 0x0000000092700000|  0%| F|  |TAMS 0x0000000092600000, 0x0000000092600000| Untracked 
| 295|0x0000000092700000, 0x0000000092700000, 0x0000000092800000|  0%| F|  |TAMS 0x0000000092700000, 0x0000000092700000| Untracked 
| 296|0x0000000092800000, 0x0000000092800000, 0x0000000092900000|  0%| F|  |TAMS 0x0000000092800000, 0x0000000092800000| Untracked 
| 297|0x0000000092900000, 0x0000000092900000, 0x0000000092a00000|  0%| F|  |TAMS 0x0000000092900000, 0x0000000092900000| Untracked 
| 298|0x0000000092a00000, 0x0000000092a00000, 0x0000000092b00000|  0%| F|  |TAMS 0x0000000092a00000, 0x0000000092a00000| Untracked 
| 299|0x0000000092b00000, 0x0000000092b00000, 0x0000000092c00000|  0%| F|  |TAMS 0x0000000092b00000, 0x0000000092b00000| Untracked 
| 300|0x0000000092c00000, 0x0000000092c00000, 0x0000000092d00000|  0%| F|  |TAMS 0x0000000092c00000, 0x0000000092c00000| Untracked 
| 301|0x0000000092d00000, 0x0000000092d00000, 0x0000000092e00000|  0%| F|  |TAMS 0x0000000092d00000, 0x0000000092d00000| Untracked 
| 302|0x0000000092e00000, 0x0000000092e2d3b8, 0x0000000092f00000| 17%| E|  |TAMS 0x0000000092e00000, 0x0000000092e00000| Complete 
| 303|0x0000000092f00000, 0x0000000093000000, 0x0000000093000000|100%| E|CS|TAMS 0x0000000092f00000, 0x0000000092f00000| Complete 
| 304|0x0000000093000000, 0x0000000093100000, 0x0000000093100000|100%| E|CS|TAMS 0x0000000093000000, 0x0000000093000000| Complete 
| 305|0x0000000093100000, 0x0000000093200000, 0x0000000093200000|100%| E|CS|TAMS 0x0000000093100000, 0x0000000093100000| Complete 
| 306|0x0000000093200000, 0x0000000093300000, 0x0000000093300000|100%| E|CS|TAMS 0x0000000093200000, 0x0000000093200000| Complete 
| 307|0x0000000093300000, 0x0000000093400000, 0x0000000093400000|100%| E|  |TAMS 0x0000000093300000, 0x0000000093300000| Complete 

Card table byte_map: [0x000001d8fa510000,0x000001d8fa910000] _byte_map_base: 0x000001d8fa110000

Marking Bits (Prev, Next): (CMBitMap*) 0x000001d8e6bfc018, (CMBitMap*) 0x000001d8e6bfc050
 Prev Bits: [0x000001d8fad10000, 0x000001d8fcd10000)
 Next Bits: [0x000001d8fcd10000, 0x000001d8fed10000)

Polling page: 0x000001d8e5330000

Metaspace:

Usage:
  Non-class:    119.38 MB capacity,   117.46 MB ( 98%) used,     1.55 MB (  1%) free+waste,   388.13 KB ( <1%) overhead. 
      Class:     17.59 MB capacity,    16.44 MB ( 93%) used,  1010.39 KB (  6%) free+waste,   169.38 KB ( <1%) overhead. 
       Both:    136.97 MB capacity,   133.90 MB ( 98%) used,     2.53 MB (  2%) free+waste,   557.50 KB ( <1%) overhead. 

Virtual space:
  Non-class space:      120.00 MB reserved,     119.50 MB (>99%) committed 
      Class space:        1.00 GB reserved,      17.75 MB (  2%) committed 
             Both:        1.12 GB reserved,     137.25 MB ( 12%) committed 

Chunk freelists:
   Non-Class:  119.00 KB
       Class:  100.00 KB
        Both:  219.00 KB

MaxMetaspaceSize: 17179869184.00 GB
CompressedClassSpaceSize: 1.00 GB

CodeHeap 'non-profiled nmethods': size=120000Kb used=12801Kb max_used=12972Kb free=107198Kb
 bounds [0x000001d8f2180000, 0x000001d8f2e30000, 0x000001d8f96b0000]
CodeHeap 'profiled nmethods': size=120000Kb used=46516Kb max_used=46516Kb free=73483Kb
 bounds [0x000001d8eac50000, 0x000001d8ed9e0000, 0x000001d8f2180000]
CodeHeap 'non-nmethods': size=5760Kb used=2380Kb max_used=2417Kb free=3379Kb
 bounds [0x000001d8ea6b0000, 0x000001d8ea920000, 0x000001d8eac50000]
 total_blobs=21392 nmethods=20384 adapters=918
 compilation: enabled
              stopped_count=0, restarted_count=0
 full_count=0

Compilation events (20 events):
Event: 6147.694 Thread 0x000001d8ff77a000 nmethod 23195 0x000001d8ed984690 code [0x000001d8ed984840, 0x000001d8ed984978]
Event: 6147.694 Thread 0x000001d8ff77a000 23203       2       com.android.tools.r8.internal.cp::a (16 bytes)
Event: 6147.694 Thread 0x000001d8ff77a000 nmethod 23203 0x000001d8ed984a10 code [0x000001d8ed984bc0, 0x000001d8ed984ce8]
Event: 6147.694 Thread 0x000001d8ff77a000 23204       2       com.android.tools.r8.internal.cp::a (48 bytes)
Event: 6147.695 Thread 0x000001d8ff77a000 nmethod 23204 0x000001d8ed984e10 code [0x000001d8ed984fe0, 0x000001d8ed985208]
Event: 6147.695 Thread 0x000001d8ff77a000 23188       2       com.android.tools.r8.ir.regalloc.a::a (328 bytes)
Event: 6147.697 Thread 0x000001d8ff77a000 nmethod 23188 0x000001d8ed985310 code [0x000001d8ed9855e0, 0x000001d8ed985cb8]
Event: 6147.697 Thread 0x000001d8ff77a000 23364       2       com.android.tools.r8.internal.sA::b (1053 bytes)
Event: 6147.705 Thread 0x000001d8ff77a000 nmethod 23364 0x000001d8ed986290 code [0x000001d8ed986920, 0x000001d8ed988fe8]
Event: 6147.705 Thread 0x000001d8ff77a000 23386       2       com.android.tools.r8.internal.UC::b (268 bytes)
Event: 6147.707 Thread 0x000001d8ff77a000 nmethod 23386 0x000001d8ed98a790 code [0x000001d8ed98ab00, 0x000001d8ed98b678]
Event: 6147.707 Thread 0x000001d8ff77a000 23390       2       com.android.tools.r8.internal.c9::a (418 bytes)
Event: 6147.711 Thread 0x000001d8ff77a000 nmethod 23390 0x000001d8ed98bd90 code [0x000001d8ed98c1c0, 0x000001d8ed98d3e8]
Event: 6147.711 Thread 0x000001d8ff77a000 23394       2       com.android.tools.r8.ir.regalloc.a::a (1373 bytes)
Event: 6147.738 Thread 0x000001d8ff77a000 nmethod 23394 0x000001d8ed98e310 code [0x000001d8ed98eb80, 0x000001d8ed9919a8]
Event: 6147.738 Thread 0x000001d8ff77a000 23404 %     3       com.android.tools.r8.internal.UC::a @ 8 (45 bytes)
Event: 6147.740 Thread 0x000001d8ff77a000 nmethod 23404% 0x000001d8ed993990 code [0x000001d8ed993c20, 0x000001d8ed994788]
Event: 6147.740 Thread 0x000001d8ff77a000 23384       2       com.android.tools.r8.internal.nh::e (69 bytes)
Event: 6147.740 Thread 0x000001d8ff77a000 nmethod 23384 0x000001d8ed994b90 code [0x000001d8ed994d60, 0x000001d8ed994fa8]
Event: 6147.740 Thread 0x000001d8ff77a000 23398       2       com.android.tools.r8.internal.E7::s (1713 bytes)

GC Heap History (20 events):
Event: 6143.432 GC heap before
{Heap before GC invocations=132 (full 0):
 garbage-first heap   total 210944K, used 170363K [0x0000000080000000, 0x0000000100000000)
  region size 1024K, 49 young (50176K), 8 survivors (8192K)
 Metaspace       used 131610K, capacity 134658K, committed 134912K, reserved 1167360K
  class space    used 16006K, capacity 17121K, committed 17152K, reserved 1048576K
}
Event: 6143.463 GC heap after
{Heap after GC invocations=133 (full 0):
 garbage-first heap   total 210944K, used 134823K [0x0000000080000000, 0x0000000100000000)
  region size 1024K, 7 young (7168K), 7 survivors (7168K)
 Metaspace       used 131610K, capacity 134658K, committed 134912K, reserved 1167360K
  class space    used 16006K, capacity 17121K, committed 17152K, reserved 1048576K
}
Event: 6143.635 GC heap before
{Heap before GC invocations=133 (full 0):
 garbage-first heap   total 210944K, used 170663K [0x0000000080000000, 0x0000000100000000)
  region size 1024K, 43 young (44032K), 7 survivors (7168K)
 Metaspace       used 132439K, capacity 135450K, committed 135552K, reserved 1167360K
  class space    used 16114K, capacity 17237K, committed 17280K, reserved 1048576K
}
Event: 6143.660 GC heap after
{Heap after GC invocations=134 (full 0):
 garbage-first heap   total 210944K, used 142129K [0x0000000080000000, 0x0000000100000000)
  region size 1024K, 6 young (6144K), 6 survivors (6144K)
 Metaspace       used 132439K, capacity 135450K, committed 135552K, reserved 1167360K
  class space    used 16114K, capacity 17237K, committed 17280K, reserved 1048576K
}
Event: 6144.168 GC heap before
{Heap before GC invocations=134 (full 0):
 garbage-first heap   total 210944K, used 173873K [0x0000000080000000, 0x0000000100000000)
  region size 1024K, 37 young (37888K), 6 survivors (6144K)
 Metaspace       used 133107K, capacity 136194K, committed 136448K, reserved 1169408K
  class space    used 16228K, capacity 17379K, committed 17408K, reserved 1048576K
}
Event: 6144.238 GC heap after
{Heap after GC invocations=135 (full 0):
 garbage-first heap   total 210944K, used 149504K [0x0000000080000000, 0x0000000100000000)
  region size 1024K, 5 young (5120K), 5 survivors (5120K)
 Metaspace       used 133107K, capacity 136194K, committed 136448K, reserved 1169408K
  class space    used 16228K, capacity 17379K, committed 17408K, reserved 1048576K
}
Event: 6144.392 GC heap before
{Heap before GC invocations=136 (full 0):
 garbage-first heap   total 210944K, used 176128K [0x0000000080000000, 0x0000000100000000)
  region size 1024K, 31 young (31744K), 5 survivors (5120K)
 Metaspace       used 133972K, capacity 137120K, committed 137216K, reserved 1169408K
  class space    used 16423K, capacity 17615K, committed 17664K, reserved 1048576K
}
Event: 6144.417 GC heap after
{Heap after GC invocations=137 (full 0):
 garbage-first heap   total 210944K, used 154624K [0x0000000080000000, 0x0000000100000000)
  region size 1024K, 4 young (4096K), 4 survivors (4096K)
 Metaspace       used 133972K, capacity 137120K, committed 137216K, reserved 1169408K
  class space    used 16423K, capacity 17615K, committed 17664K, reserved 1048576K
}
Event: 6144.669 GC heap before
{Heap before GC invocations=137 (full 0):
 garbage-first heap   total 210944K, used 178176K [0x0000000080000000, 0x0000000100000000)
  region size 1024K, 27 young (27648K), 4 survivors (4096K)
 Metaspace       used 134828K, capacity 138000K, committed 138112K, reserved 1169408K
  class space    used 16549K, capacity 17761K, committed 17792K, reserved 1048576K
}
Event: 6144.690 GC heap after
{Heap after GC invocations=138 (full 0):
 garbage-first heap   total 210944K, used 158574K [0x0000000080000000, 0x0000000100000000)
  region size 1024K, 4 young (4096K), 4 survivors (4096K)
 Metaspace       used 134828K, capacity 138000K, committed 138112K, reserved 1169408K
  class space    used 16549K, capacity 17761K, committed 17792K, reserved 1048576K
}
Event: 6145.978 GC heap before
{Heap before GC invocations=139 (full 0):
 garbage-first heap   total 210944K, used 179054K [0x0000000080000000, 0x0000000100000000)
  region size 1024K, 24 young (24576K), 4 survivors (4096K)
 Metaspace       used 135744K, capacity 138962K, committed 139392K, reserved 1171456K
  class space    used 16732K, capacity 17924K, committed 18048K, reserved 1048576K
}
Event: 6145.988 GC heap after
{Heap after GC invocations=140 (full 0):
 garbage-first heap   total 210944K, used 159855K [0x0000000080000000, 0x0000000100000000)
  region size 1024K, 2 young (2048K), 2 survivors (2048K)
 Metaspace       used 135744K, capacity 138962K, committed 139392K, reserved 1171456K
  class space    used 16732K, capacity 17924K, committed 18048K, reserved 1048576K
}
Event: 6146.209 GC heap before
{Heap before GC invocations=140 (full 0):
 garbage-first heap   total 210944K, used 168047K [0x0000000080000000, 0x0000000100000000)
  region size 1024K, 10 young (10240K), 2 survivors (2048K)
 Metaspace       used 135875K, capacity 139158K, committed 139392K, reserved 1171456K
  class space    used 16749K, capacity 17967K, committed 18048K, reserved 1048576K
}
Event: 6146.244 GC heap after
{Heap after GC invocations=141 (full 0):
 garbage-first heap   total 210944K, used 156537K [0x0000000080000000, 0x0000000100000000)
  region size 1024K, 2 young (2048K), 2 survivors (2048K)
 Metaspace       used 135875K, capacity 139158K, committed 139392K, reserved 1171456K
  class space    used 16749K, capacity 17967K, committed 18048K, reserved 1048576K
}
Event: 6146.598 GC heap before
{Heap before GC invocations=141 (full 0):
 garbage-first heap   total 210944K, used 179065K [0x0000000080000000, 0x0000000100000000)
  region size 1024K, 24 young (24576K), 2 survivors (2048K)
 Metaspace       used 136216K, capacity 139460K, committed 139648K, reserved 1171456K
  class space    used 16790K, capacity 18000K, committed 18048K, reserved 1048576K
}
Event: 6146.604 GC heap after
{Heap after GC invocations=142 (full 0):
 garbage-first heap   total 210944K, used 156384K [0x0000000080000000, 0x0000000100000000)
  region size 1024K, 1 young (1024K), 1 survivors (1024K)
 Metaspace       used 136216K, capacity 139460K, committed 139648K, reserved 1171456K
  class space    used 16790K, capacity 18000K, committed 18048K, reserved 1048576K
}
Event: 6146.835 GC heap before
{Heap before GC invocations=142 (full 0):
 garbage-first heap   total 210944K, used 179936K [0x0000000080000000, 0x0000000100000000)
  region size 1024K, 24 young (24576K), 1 survivors (1024K)
 Metaspace       used 136505K, capacity 139734K, committed 139904K, reserved 1171456K
  class space    used 16812K, capacity 18002K, committed 18048K, reserved 1048576K
}
Event: 6146.840 GC heap after
{Heap after GC invocations=143 (full 0):
 garbage-first heap   total 210944K, used 156815K [0x0000000080000000, 0x0000000100000000)
  region size 1024K, 2 young (2048K), 2 survivors (2048K)
 Metaspace       used 136505K, capacity 139734K, committed 139904K, reserved 1171456K
  class space    used 16812K, capacity 18002K, committed 18048K, reserved 1048576K
}
Event: 6147.139 GC heap before
{Heap before GC invocations=144 (full 0):
 garbage-first heap   total 210944K, used 180367K [0x0000000080000000, 0x0000000100000000)
  region size 1024K, 25 young (25600K), 2 survivors (2048K)
 Metaspace       used 136865K, capacity 140051K, committed 140544K, reserved 1171456K
  class space    used 16816K, capacity 18006K, committed 18176K, reserved 1048576K
}
Event: 6147.151 GC heap after
{Heap after GC invocations=145 (full 0):
 garbage-first heap   total 315392K, used 157079K [0x0000000080000000, 0x0000000100000000)
  region size 1024K, 2 young (2048K), 2 survivors (2048K)
 Metaspace       used 136865K, capacity 140051K, committed 140544K, reserved 1171456K
  class space    used 16816K, capacity 18006K, committed 18176K, reserved 1048576K
}

Deoptimization events (20 events):
Event: 6147.335 Thread 0x000001d885a70000 DEOPT PACKING pc=0x000001d8ed81f1f5 sp=0x00000072339f9190
Event: 6147.335 Thread 0x000001d885a70000 DEOPT UNPACKING pc=0x000001d8ea6d76ce sp=0x00000072339f8618 mode 0
Event: 6147.338 Thread 0x000001d885a6e800 DEOPT PACKING pc=0x000001d8ec484446 sp=0x00000072336f8e30
Event: 6147.339 Thread 0x000001d885a6e800 DEOPT UNPACKING pc=0x000001d8ea6d76ce sp=0x00000072336f82a8 mode 0
Event: 6147.383 Thread 0x000001d885339000 DEOPT PACKING pc=0x000001d8ed81f1f5 sp=0x00000072333f9eb0
Event: 6147.383 Thread 0x000001d885339000 DEOPT UNPACKING pc=0x000001d8ea6d76ce sp=0x00000072333f9340 mode 0
Event: 6147.412 Thread 0x000001d885a76800 DEOPT PACKING pc=0x000001d8ed81f1f5 sp=0x0000007233cf95e0
Event: 6147.412 Thread 0x000001d885a76800 DEOPT UNPACKING pc=0x000001d8ea6d76ce sp=0x0000007233cf8a68 mode 0
Event: 6147.421 Thread 0x000001d885a6e800 DEOPT PACKING pc=0x000001d8ed81a462 sp=0x00000072336f9490
Event: 6147.421 Thread 0x000001d885a6e800 DEOPT UNPACKING pc=0x000001d8ea6d76ce sp=0x00000072336f8c68 mode 0
Event: 6147.444 Thread 0x000001d885a70000 DEOPT PACKING pc=0x000001d8ec484446 sp=0x00000072339f9f70
Event: 6147.465 Thread 0x000001d885a70000 DEOPT UNPACKING pc=0x000001d8ea6d76ce sp=0x00000072339f93e8 mode 0
Event: 6147.481 Thread 0x000001d885a6e800 DEOPT PACKING pc=0x000001d8ed7c066b sp=0x00000072336f95e0
Event: 6147.481 Thread 0x000001d885a6e800 DEOPT UNPACKING pc=0x000001d8ea6d76ce sp=0x00000072336f8a98 mode 0
Event: 6147.529 Thread 0x000001d885a76800 DEOPT PACKING pc=0x000001d8ed81f1f5 sp=0x0000007233cf9240
Event: 6147.529 Thread 0x000001d885a76800 DEOPT UNPACKING pc=0x000001d8ea6d76ce sp=0x0000007233cf86c8 mode 0
Event: 6147.733 Thread 0x000001d885a70000 DEOPT PACKING pc=0x000001d8ed81f1f5 sp=0x00000072339f98a0
Event: 6147.733 Thread 0x000001d885a70000 DEOPT UNPACKING pc=0x000001d8ea6d76ce sp=0x00000072339f8d28 mode 0
Event: 6147.749 Thread 0x000001d885a76800 DEOPT PACKING pc=0x000001d8ec484446 sp=0x0000007233cf9090
Event: 6147.749 Thread 0x000001d885a76800 DEOPT UNPACKING pc=0x000001d8ea6d76ce sp=0x0000007233cf8508 mode 0

Classes redefined (0 events):
No events

Internal exceptions (20 events):
Event: 6142.939 Thread 0x000001d885339000 Exception <a 'sun/nio/fs/WindowsException'{0x000000008a52aef0}> (0x000000008a52aef0) thrown at [./src/hotspot/share/prims/jni.cpp, line 615]
Event: 6143.054 Thread 0x000001d885a74000 Exception <a 'java/lang/NoSuchMethodError'{0x000000008a424268}: 'long java.lang.invoke.DirectMethodHandle$Holder.invokeStatic(java.lang.Object, long, java.lang.Object)'> (0x000000008a424268) thrown at [./src/hotspot/share/interpreter/linkResolver.cpp, line 773]
Event: 6143.261 Thread 0x000001d885a74000 Exception <a 'java/lang/IncompatibleClassChangeError'{0x000000008c0fcb18}: Found class java.lang.Object, but interface was expected> (0x000000008c0fcb18) thrown at [./src/hotspot/share/interpreter/linkResolver.cpp, line 839]
Event: 6144.302 Thread 0x000001d885a6e800 Exception <a 'java/lang/NoSuchMethodError'{0x000000008c0a4fa0}: 'java.lang.Object java.lang.invoke.DirectMethodHandle$Holder.invokeVirtual(java.lang.Object, java.lang.Object, int, java.lang.Object)'> (0x000000008c0a4fa0) thrown at [./src/hotspot/share/interpreter/linkResolver.cpp, line 773]
Event: 6144.306 Thread 0x000001d885a76800 Exception <a 'java/lang/NoSuchMethodError'{0x000000008c223d88}: 'java.lang.Object java.lang.invoke.DirectMethodHandle$Holder.invokeVirtual(java.lang.Object, java.lang.Object, int, java.lang.Object)'> (0x000000008c223d88) thrown at [./src/hotspot/share/interpreter/linkResolver.cpp, line 773]
Event: 6144.312 Thread 0x000001d885a74000 Exception <a 'java/lang/NoSuchMethodError'{0x000000008c2410d0}: 'java.lang.Object java.lang.invoke.DirectMethodHandle$Holder.invokeVirtual(java.lang.Object, java.lang.Object, int, java.lang.Object)'> (0x000000008c2410d0) thrown at [./src/hotspot/share/interpreter/linkResolver.cpp, line 773]
Event: 6144.314 Thread 0x000001d885a70000 Exception <a 'java/lang/NoSuchMethodError'{0x000000008c229878}: 'java.lang.Object java.lang.invoke.DirectMethodHandle$Holder.invokeVirtual(java.lang.Object, java.lang.Object, int, java.lang.Object)'> (0x000000008c229878) thrown at [./src/hotspot/share/interpreter/linkResolver.cpp, line 773]
Event: 6144.342 Thread 0x000001d885a70000 Exception <a 'java/lang/IncompatibleClassChangeError'{0x000000008bdf2118}: Found class java.lang.Object, but interface was expected> (0x000000008bdf2118) thrown at [./src/hotspot/share/interpreter/linkResolver.cpp, line 839]
Event: 6144.342 Thread 0x000001d885339000 Exception <a 'java/lang/IncompatibleClassChangeError'{0x000000008ba53ee0}: Found class java.lang.Object, but interface was expected> (0x000000008ba53ee0) thrown at [./src/hotspot/share/interpreter/linkResolver.cpp, line 839]
Event: 6144.342 Thread 0x000001d885a74000 Exception <a 'java/lang/IncompatibleClassChangeError'{0x000000008ba4f6f0}: Found class java.lang.Object, but interface was expected> (0x000000008ba4f6f0) thrown at [./src/hotspot/share/interpreter/linkResolver.cpp, line 839]
Event: 6144.343 Thread 0x000001d885a70000 Exception <a 'java/lang/IncompatibleClassChangeError'{0x000000008ba78aa0}: Found class java.lang.Object, but interface was expected> (0x000000008ba78aa0) thrown at [./src/hotspot/share/interpreter/linkResolver.cpp, line 839]
Event: 6144.343 Thread 0x000001d885a6e800 Exception <a 'java/lang/IncompatibleClassChangeError'{0x000000008ba3f010}: Found class java.lang.Object, but interface was expected> (0x000000008ba3f010) thrown at [./src/hotspot/share/interpreter/linkResolver.cpp, line 839]
Event: 6144.371 Thread 0x000001d885a6e800 Exception <a 'java/lang/NoSuchMethodError'{0x000000008b6763d0}: 'void java.lang.invoke.DirectMethodHandle$Holder.invokeVirtual(java.lang.Object, java.lang.Object, int, java.lang.Object)'> (0x000000008b6763d0) thrown at [./src/hotspot/share/interpreter/linkResolver.cpp, line 773]
Event: 6144.371 Thread 0x000001d885a74000 Exception <a 'java/lang/NoSuchMethodError'{0x000000008b988420}: 'void java.lang.invoke.DirectMethodHandle$Holder.invokeVirtual(java.lang.Object, java.lang.Object, int, java.lang.Object)'> (0x000000008b988420) thrown at [./src/hotspot/share/interpreter/linkResolver.cpp, line 773]
Event: 6144.372 Thread 0x000001d885339000 Exception <a 'java/lang/NoSuchMethodError'{0x000000008ba60c48}: 'void java.lang.invoke.DirectMethodHandle$Holder.invokeVirtual(java.lang.Object, java.lang.Object, int, java.lang.Object)'> (0x000000008ba60c48) thrown at [./src/hotspot/share/interpreter/linkResolver.cpp, line 773]
Event: 6144.629 Thread 0x000001d885a74000 Exception <a 'java/lang/NoSuchMethodError'{0x000000008b9eb268}: 'java.lang.Object java.lang.invoke.DirectMethodHandle$Holder.newInvokeSpecial(java.lang.Object, int)'> (0x000000008b9eb268) thrown at [./src/hotspot/share/interpreter/linkResolver.cpp, line 773]
Event: 6144.630 Thread 0x000001d885a6e800 Exception <a 'java/lang/NoSuchMethodError'{0x000000008b90b130}: 'java.lang.Object java.lang.invoke.DirectMethodHandle$Holder.newInvokeSpecial(java.lang.Object, int)'> (0x000000008b90b130) thrown at [./src/hotspot/share/interpreter/linkResolver.cpp, line 773]
Event: 6145.170 Thread 0x000001d885a76800 Exception <a 'java/lang/NoSuchMethodError'{0x000000008c486830}: 'java.lang.Object java.lang.invoke.DirectMethodHandle$Holder.invokeInterface(java.lang.Object, java.lang.Object, int)'> (0x000000008c486830) thrown at [./src/hotspot/share/interpreter/linkResolver.cpp, line 773]
Event: 6146.245 Thread 0x000001d885a6e800 Implicit null exception at 0x000001d8f2610fa0 to 0x000001d8f2616630
Event: 6147.404 Thread 0x000001d885a6e800 Exception <a 'java/lang/NoSuchMethodError'{0x00000000910a99c8}: 'int java.lang.invoke.DirectMethodHandle$Holder.invokeInterface(java.lang.Object, java.lang.Object, int)'> (0x00000000910a99c8) thrown at [./src/hotspot/share/interpreter/linkResolver.cpp, line 773]

Events (20 events):
Event: 6147.334 loading class com/android/tools/r8/code/c3
Event: 6147.334 loading class com/android/tools/r8/code/c3 done
Event: 6147.335 loading class com/android/tools/r8/code/Z2
Event: 6147.335 loading class com/android/tools/r8/code/Z2 done
Event: 6147.336 loading class com/android/tools/r8/code/X2
Event: 6147.336 loading class com/android/tools/r8/code/X2 done
Event: 6147.338 loading class com/android/tools/r8/code/U2
Event: 6147.338 loading class com/android/tools/r8/code/U2 done
Event: 6147.343 loading class com/android/tools/r8/code/b3
Event: 6147.343 loading class com/android/tools/r8/code/b3 done
Event: 6147.344 loading class com/android/tools/r8/code/a3
Event: 6147.344 loading class com/android/tools/r8/code/a3 done
Event: 6147.408 loading class com/android/tools/r8/internal/ci
Event: 6147.408 loading class com/android/tools/r8/internal/ci done
Event: 6147.438 loading class com/android/tools/r8/internal/qA
Event: 6147.438 loading class com/android/tools/r8/internal/qA done
Event: 6147.438 loading class com/android/tools/r8/internal/NG
Event: 6147.438 loading class com/android/tools/r8/internal/NG done
Event: 6147.438 loading class com/android/tools/r8/internal/qA
Event: 6147.438 loading class com/android/tools/r8/internal/qA done


Dynamic libraries:
0x00007ff687e50000 - 0x00007ff687e5a000 	C:\Program Files\Android\Android Studio\jre\bin\java.exe
0x00007ffabdc50000 - 0x00007ffabde45000 	C:\WINDOWS\SYSTEM32\ntdll.dll
0x00007ffabc5d0000 - 0x00007ffabc68e000 	C:\WINDOWS\System32\KERNEL32.DLL
0x00007ffabb5b0000 - 0x00007ffabb879000 	C:\WINDOWS\System32\KERNELBASE.dll
0x00007ffabba60000 - 0x00007ffabbb60000 	C:\WINDOWS\System32\ucrtbase.dll
0x00007ffa7a420000 - 0x00007ffa7a437000 	C:\Program Files\Android\Android Studio\jre\bin\VCRUNTIME140.dll
0x00007ffa78950000 - 0x00007ffa78969000 	C:\Program Files\Android\Android Studio\jre\bin\jli.dll
0x00007ffabc2c0000 - 0x00007ffabc461000 	C:\WINDOWS\System32\USER32.dll
0x00007ffabb920000 - 0x00007ffabb942000 	C:\WINDOWS\System32\win32u.dll
0x00007ffa9b620000 - 0x00007ffa9b8ba000 	C:\WINDOWS\WinSxS\amd64_microsoft.windows.common-controls_6595b64144ccf1df_6.0.19041.1110_none_60b5254171f9507e\COMCTL32.dll
0x00007ffabc470000 - 0x00007ffabc49b000 	C:\WINDOWS\System32\GDI32.dll
0x00007ffabb950000 - 0x00007ffabba5b000 	C:\WINDOWS\System32\gdi32full.dll
0x00007ffabbe00000 - 0x00007ffabbe9e000 	C:\WINDOWS\System32\msvcrt.dll
0x00007ffabb880000 - 0x00007ffabb91d000 	C:\WINDOWS\System32\msvcp_win.dll
0x00007ffabbf00000 - 0x00007ffabbf30000 	C:\WINDOWS\System32\IMM32.DLL
0x00007ffa71380000 - 0x00007ffa7141d000 	C:\Program Files\Android\Android Studio\jre\bin\msvcp140.dll
0x00007ffa3d330000 - 0x00007ffa3ddff000 	C:\Program Files\Android\Android Studio\jre\bin\server\jvm.dll
0x00007ffabdb60000 - 0x00007ffabdc0c000 	C:\WINDOWS\System32\ADVAPI32.dll
0x00007ffabbf30000 - 0x00007ffabbfcb000 	C:\WINDOWS\System32\sechost.dll
0x00007ffabc4a0000 - 0x00007ffabc5ca000 	C:\WINDOWS\System32\RPCRT4.dll
0x00007ffabbca0000 - 0x00007ffabbca8000 	C:\WINDOWS\System32\PSAPI.DLL
0x00007ffab34a0000 - 0x00007ffab34a9000 	C:\WINDOWS\SYSTEM32\WSOCK32.dll
0x00007ffaaf180000 - 0x00007ffaaf1a7000 	C:\WINDOWS\SYSTEM32\WINMM.dll
0x00007ffaba150000 - 0x00007ffaba15a000 	C:\WINDOWS\SYSTEM32\VERSION.dll
0x00007ffabc250000 - 0x00007ffabc2bb000 	C:\WINDOWS\System32\WS2_32.dll
0x00007ffaba110000 - 0x00007ffaba122000 	C:\WINDOWS\SYSTEM32\kernel.appcore.dll
0x00007ffa9e360000 - 0x00007ffa9e371000 	C:\Program Files\Android\Android Studio\jre\bin\verify.dll
0x00007ffab96c0000 - 0x00007ffab98a4000 	C:\WINDOWS\SYSTEM32\DBGHELP.DLL
0x00007ffaa2e40000 - 0x00007ffaa2e6c000 	C:\WINDOWS\SYSTEM32\dbgcore.DLL
0x00007ffabbc10000 - 0x00007ffabbc93000 	C:\WINDOWS\System32\bcryptPrimitives.dll
0x00007ffa94bb0000 - 0x00007ffa94bd9000 	C:\Program Files\Android\Android Studio\jre\bin\java.dll
0x00007ffaa7070000 - 0x00007ffaa707b000 	C:\Program Files\Android\Android Studio\jre\bin\jimage.dll
0x00007ffa94b60000 - 0x00007ffa94b78000 	C:\Program Files\Android\Android Studio\jre\bin\zip.dll
0x00007ffabc690000 - 0x00007ffabcdcf000 	C:\WINDOWS\System32\SHELL32.dll
0x00007ffab8e10000 - 0x00007ffab95a0000 	C:\WINDOWS\SYSTEM32\windows.storage.dll
0x00007ffabcfe0000 - 0x00007ffabd335000 	C:\WINDOWS\System32\combase.dll
0x00007ffabad50000 - 0x00007ffabad7c000 	C:\WINDOWS\SYSTEM32\Wldp.dll
0x00007ffabc190000 - 0x00007ffabc23e000 	C:\WINDOWS\System32\SHCORE.dll
0x00007ffabcdd0000 - 0x00007ffabce25000 	C:\WINDOWS\System32\shlwapi.dll
0x00007ffabb2b0000 - 0x00007ffabb2cf000 	C:\WINDOWS\SYSTEM32\profapi.dll
0x00007ffa94980000 - 0x00007ffa9499a000 	C:\Program Files\Android\Android Studio\jre\bin\net.dll
0x00007ffab23e0000 - 0x00007ffab24e8000 	C:\WINDOWS\SYSTEM32\WINHTTP.dll
0x00007ffabaa50000 - 0x00007ffabaaba000 	C:\WINDOWS\system32\mswsock.dll
0x00007ffa94850000 - 0x00007ffa94864000 	C:\Program Files\Android\Android Studio\jre\bin\nio.dll
0x00007ffa7e980000 - 0x00007ffa7e9a7000 	C:\Users\elkac\.gradle\native\8bec1ad78214c89d9ad589b4d07fe93259594b29d510b10fafb7a158f7737e5d\windows-amd64\native-platform.dll
0x00007ffa740d0000 - 0x00007ffa7420d000 	C:\Users\elkac\.gradle\native\53dbd7edfb1c66fb8903c78663c9afc45aea4f116125fa6feffd364cf09443e8\windows-amd64\native-platform-file-events.dll
0x00007ffaa6960000 - 0x00007ffaa696a000 	C:\Program Files\Android\Android Studio\jre\bin\management.dll
0x00007ffaa1330000 - 0x00007ffaa133c000 	C:\Program Files\Android\Android Studio\jre\bin\management_ext.dll
0x00007ffabac40000 - 0x00007ffabac58000 	C:\WINDOWS\SYSTEM32\CRYPTSP.dll
0x00007ffaba3d0000 - 0x00007ffaba404000 	C:\WINDOWS\system32\rsaenh.dll
0x00007ffabb580000 - 0x00007ffabb5a7000 	C:\WINDOWS\System32\bcrypt.dll
0x00007ffabb230000 - 0x00007ffabb25e000 	C:\WINDOWS\SYSTEM32\USERENV.dll
0x00007ffabac60000 - 0x00007ffabac6c000 	C:\WINDOWS\SYSTEM32\CRYPTBASE.dll
0x00007ffaba740000 - 0x00007ffaba77b000 	C:\WINDOWS\SYSTEM32\IPHLPAPI.DLL
0x00007ffabd820000 - 0x00007ffabd828000 	C:\WINDOWS\System32\NSI.dll
0x00007ffaad3d0000 - 0x00007ffaad3e7000 	C:\WINDOWS\SYSTEM32\dhcpcsvc6.DLL
0x00007ffaaf080000 - 0x00007ffaaf09d000 	C:\WINDOWS\SYSTEM32\dhcpcsvc.DLL
0x00007ffaba780000 - 0x00007ffaba84c000 	C:\WINDOWS\SYSTEM32\DNSAPI.dll
0x00007ffa7fe80000 - 0x00007ffa7fea7000 	C:\Program Files\Android\Android Studio\jre\bin\sunec.dll
0x00007ffaa9670000 - 0x00007ffaa967a000 	C:\Windows\System32\rasadhlp.dll
0x00007ffaa81c0000 - 0x00007ffaa823f000 	C:\WINDOWS\System32\fwpuclnt.dll
0x00007ffab9f40000 - 0x00007ffab9f73000 	C:\WINDOWS\SYSTEM32\ntmarta.dll

dbghelp: loaded successfully - version: 4.0.5 - missing functions: none
symbol engine: initialized successfully - sym options: 0x614 - pdb path: .;C:\Program Files\Android\Android Studio\jre\bin;C:\WINDOWS\SYSTEM32;C:\WINDOWS\WinSxS\amd64_microsoft.windows.common-controls_6595b64144ccf1df_6.0.19041.1110_none_60b5254171f9507e;C:\Program Files\Android\Android Studio\jre\bin\server;C:\Users\elkac\.gradle\native\8bec1ad78214c89d9ad589b4d07fe93259594b29d510b10fafb7a158f7737e5d\windows-amd64;C:\Users\elkac\.gradle\native\53dbd7edfb1c66fb8903c78663c9afc45aea4f116125fa6feffd364cf09443e8\windows-amd64

VM Arguments:
jvm_args: --add-opens=java.base/java.util=ALL-UNNAMED --add-opens=java.base/java.lang=ALL-UNNAMED --add-opens=java.base/java.lang.invoke=ALL-UNNAMED --add-opens=java.base/java.util=ALL-UNNAMED --add-opens=java.prefs/java.util.prefs=ALL-UNNAMED --add-opens=java.prefs/java.util.prefs=ALL-UNNAMED --add-opens=java.base/java.nio.charset=ALL-UNNAMED --add-opens=java.base/java.net=ALL-UNNAMED --add-opens=java.base/java.util.concurrent.atomic=ALL-UNNAMED -Xmx2048m -Dfile.encoding=UTF-8 -Duser.country=CA -Duser.language=en -Duser.variant 
java_command: org.gradle.launcher.daemon.bootstrap.GradleDaemon 7.0.2
java_class_path (initial): C:\Users\elkac\.gradle\wrapper\dists\gradle-7.0.2-bin\857tjihv64xamwrf0h14cai3r\gradle-7.0.2\lib\gradle-launcher-7.0.2.jar
Launcher Type: SUN_STANDARD

[Global flags]
     intx CICompilerCount                          = 4                                         {product} {ergonomic}
     uint ConcGCThreads                            = 2                                         {product} {ergonomic}
     uint G1ConcRefinementThreads                  = 8                                         {product} {ergonomic}
   size_t G1HeapRegionSize                         = 1048576                                   {product} {ergonomic}
    uintx GCDrainStackTargetSize                   = 64                                        {product} {ergonomic}
   size_t InitialHeapSize                          = 134217728                                 {product} {ergonomic}
   size_t MarkStackSize                            = 4194304                                   {product} {ergonomic}
   size_t MaxHeapSize                              = 2147483648                                {product} {command line}
   size_t MaxNewSize                               = 1287651328                                {product} {ergonomic}
   size_t MinHeapDeltaBytes                        = 1048576                                   {product} {ergonomic}
    uintx NonNMethodCodeHeapSize                   = 5836300                                {pd product} {ergonomic}
    uintx NonProfiledCodeHeapSize                  = 122910970                              {pd product} {ergonomic}
    uintx ProfiledCodeHeapSize                     = 122910970                              {pd product} {ergonomic}
    uintx ReservedCodeCacheSize                    = 251658240                              {pd product} {ergonomic}
     bool SegmentedCodeCache                       = true                                      {product} {ergonomic}
     bool UseCompressedClassPointers               = true                                 {lp64_product} {ergonomic}
     bool UseCompressedOops                        = true                                 {lp64_product} {ergonomic}
     bool UseG1GC                                  = true                                      {product} {ergonomic}
     bool UseLargePagesIndividualAllocation        = false                                  {pd product} {ergonomic}

Logging:
Log output configuration:
 #0: stdout all=warning uptime,level,tags
 #1: stderr all=off uptime,level,tags

Environment Variables:
PATH=C:\Program Files\Common Files\Oracle\Java\javapath;C:\ProgramData\Oracle\Java\javapath;C:\WINDOWS\system32;C:\WINDOWS;C:\WINDOWS\System32\Wbem;C:\WINDOWS\System32\WindowsPowerShell\v1.0\;C:\WINDOWS\System32\OpenSSH\;C:\Program Files\Java\jdk-16.0.1\bin;C:\Program Files (x86)\dotnet\;C:\Program Files\Git\cmd;C:\Users\elkac\AppData\Local\Microsoft\WindowsApps;C:\Users\elkac\AppData\Local\Programs\Microsoft VS Code\bin
USERNAME=elkac
OS=Windows_NT
PROCESSOR_IDENTIFIER=Intel64 Family 6 Model 142 Stepping 10, GenuineIntel



---------------  S Y S T E M  ---------------

OS: Windows 10 , 64 bit Build 19041 (10.0.19041.1202)
OS uptime: 3 days 22:40 hours

CPU:total 8 (initial active 8) (4 cores per cpu, 2 threads per core) family 6 model 142 stepping 10 microcode 0xe8, cmov, cx8, fxsr, mmx, sse, sse2, sse3, ssse3, sse4.1, sse4.2, popcnt, avx, avx2, aes, clmul, erms, 3dnowpref, lzcnt, ht, tsc, tscinvbit, bmi1, bmi2, adx, fma

Memory: 4k page, system-wide physical 8109M (291M free)
TotalPageFile size 23224M (AvailPageFile size 11M)
current process WorkingSet (physical memory assigned to process): 425M, peak: 475M
current process commit charge ("private bytes"): 764M, peak: 766M

vm_info: OpenJDK 64-Bit Server VM (11.0.10+0-b96-7249189) for windows-amd64 JRE (11.0.10+0-b96-7249189), built on Mar 31 2021 21:44:00 by "builder" with MS VC++ 14.0 (VS2015)

END.
